<html>
	<head>
		<title>checkstyle xml difference report</title>
		<style type="text/css" media="all">@import url("./css/maven-base.css");@import url("./css/maven-theme.css"); );</style>
		<link rel="stylesheet" href="./css/site.css">
		<meta name="viewport" content="width=device-width, initial-scale=1">
		<http-equiv http-equiv="Content-Language" content="en"></http-equiv>
	</head>
	<body class="composite">
		<div id="contentBox">
			<div class="section">
				<h2 a="Checkstyle XML difference report">Checkstyle XML difference report</h2>
				This is symmetric difference generated from two checkstyle-result.xml reports. <br/>
				All matching records from each XML file are deleted, then remaining records are merged into single report. <br>
		        <a href="https://github.com/checkstyle/contribution/tree/master/patch-diff-report-tool">Utility that generated this report.</a>
			</div>

			
				<h2 a="Checkstyle configuration report">Checkstyle configuration report</h2>
				<div class="section">
					<table border="0" class="bodyTable">
							<tr class="a">
								<th>Module Name</th>
								<th>Base properties</th>
								<th>Patch properties</th>
							</tr>
							
								
									<tr>
										<td class="c">Checker</td>
										
										<td class="c">
											
												severity
												
													<li>warning</li>
												
												<br/>
											
												charset
												
													<li>UTF-8</li>
												
												<br/>
											
												haltOnException
												
													<li>false</li>
												
												<br/>
											
										</td>
										
										
										<td class="c">
											
												severity
												
													<li>warning</li>
												
												<br/>
											
												charset
												
													<li>UTF-8</li>
												
												<br/>
											
												haltOnException
												
													<li>false</li>
												
												<br/>
											
										</td>
										
									</tr>
									
										
									<tr>
										<td class="c">BeforeExecutionExclusionFileFilter</td>
										
										<td class="c">
											
												fileNamePattern
												
													<li>module\-info\.java$</li>
												
												<br/>
											
										</td>
										
										
										<td class="c">
											
												fileNamePattern
												
													<li>module\-info\.java$</li>
												
												<br/>
											
										</td>
										
									</tr>
									
								
									
										
									<tr>
										<td class="c">TreeWalker</td>
										
										<td class="c">
											
										</td>
										
										
										<td class="c">
											
										</td>
										
									</tr>
									
										
									<tr>
										<td class="c">FinalLocalVariable</td>
										
										<td class="c">
											
												severity
												
													<li>ignore</li>
												
												<br/>
											
										</td>
										
										
										<td class="c">
											
												severity
												
													<li>ignore</li>
												
												<br/>
											
										</td>
										
									</tr>
									
								
									
								
									
								
								
					</table>	
				</div>
			

			<div class="section">
				<h2 a="Summary:">Summary:</h2>
				<div class="section">
					<table border="0" class="bodyTable">
						<tr class="a">
							<th>Report id</th>
							<th>Files</th>
							<th>Violations</th>
							
								<th>Severity-error</th>
							
						</tr>
						<tr class="b">
							<td>base</td>
							<td id="filesBase">6386</td>
							<td id="totalBase">76</td>
							
								<td id="errorSeverityNumBase">76</td>
							
						</tr>
						<tr class="a">
							<td>patch</td>
							<td id="filesPatch">6386</td>
							<td id="totalPatch">76 (8 removed, 8 added)</td>
							
								<td id="errorSeverityStatisticsPatch">76 (8 removed, 8 added)</td>
							
						</tr>
						<tr class="d">
							<td/>
							<td id="filesDiff">8 files with differences</td>
							<td id="totalDiff">16 changes in violations</td>
							
								<td id="errorSeverityNumDiff">16 changes in violations</td>
							
						<tr>
					</table>

					
						<br />
						<table border="0" class="bodyTable">
							<tr class="a">
								<th>Report id</th>
								
									<th>com.puppycrawl.tools.checkstyle.Checker</th>
								
							</tr>
							<tr class="b">
								<td>base</td>
								
									<td id="com.puppycrawl.tools.checkstyle.CheckerModuleNumBase">76</td>
								
							</tr>
							<tr class="a">
								<td>patch</td>
								
									<td id="com.puppycrawl.tools.checkstyle.CheckerModuleStatisticsPatch">76 (8 removed, 8 added)</td>
								
							</tr>
							<tr class="d">
								<td>changes in violations</td>
								
									<td id="com.puppycrawl.tools.checkstyle.CheckerModuleNumDiff">16</td>
								
							<tr>
						</table>
					

					<br />
					Number of unique base messages reported below: <span id="uniqueMessagesBase">8</span><br />
					Number of unique patch messages reported below: <span id="uniqueMessagesPatch">8</span><br />
				</div>
			</div>

			<div class="section">
				<h2 a="Violations:">Violations:</h2>
				<div class="section">
					<h3>/Users/erik/Code/checkstyle/contribution/checkstyle-tester/repositories/hibernate-orm-with-excludes/documentation/src/main/docbook/devguide/en-US/chapters/events/extras/JpaCallbacksExample.java</h3>
					<tr class="b">
					<table border="0" class="bodyTable">
					        <th></th>
							<th>Severity</th>
							<th>Rule</th>
							<th>Message</th>
							<th>Line</th>
							<th>Col</th>
						</tr>
						
							
								<tr class="b">
								
								<td class="keepWidth"><a name="A1" href = "#A1">#A1</a></td>
								<td>error</td>
								<td>Checker</td>
								<td>Got an exception - com.puppycrawl.tools.checkstyle.api.CheckstyleException: IllegalStateException occurred while parsing file /Users/erik/Code/checkstyle/contribution/checkstyle-tester/repositories/hibernate-orm-with-excludes/documentation/src/main/docbook/devguide/en-US/chapters/events/extras/JpaCallbacksExample.java.<br />
#x9;at com.puppycrawl.tools.checkstyle.JavaParser.parse(JavaParser.java:105)<br />
#x9;at com.puppycrawl.tools.checkstyle.TreeWalker.processFiltered(TreeWalker.java:159)<br />
#x9;at com.puppycrawl.tools.checkstyle.api.AbstractFileSetCheck.process(AbstractFileSetCheck.java:85)<br />
#x9;at com.puppycrawl.tools.checkstyle.Checker.processFile(Checker.java:329)<br />
#x9;at com.puppycrawl.tools.checkstyle.Checker.processFiles(Checker.java:291)<br />
#x9;at com.puppycrawl.tools.checkstyle.Checker.process(Checker.java:216)<br />
#x9;at org.apache.maven.plugins.checkstyle.exec.DefaultCheckstyleExecutor.executeCheckstyle(DefaultCheckstyleExecutor.java:247)<br />
#x9;at org.apache.maven.plugins.checkstyle.AbstractCheckstyleReport.executeReport(AbstractCheckstyleReport.java:533)<br />
#x9;at org.apache.maven.plugins.checkstyle.CheckstyleReport.executeReport(CheckstyleReport.java:57)<br />
#x9;at org.apache.maven.reporting.AbstractMavenReport.generate(AbstractMavenReport.java:255)<br />
#x9;at org.apache.maven.plugins.site.ReportDocumentRenderer.renderDocument(ReportDocumentRenderer.java:219)<br />
#x9;at org.apache.maven.doxia.siterenderer.DefaultSiteRenderer.renderModule(DefaultSiteRenderer.java:319)<br />
#x9;at org.apache.maven.doxia.siterenderer.DefaultSiteRenderer.render(DefaultSiteRenderer.java:135)<br />
#x9;at org.apache.maven.plugins.site.SiteMojo.renderLocale(SiteMojo.java:175)<br />
#x9;at org.apache.maven.plugins.site.SiteMojo.execute(SiteMojo.java:138)<br />
#x9;at org.apache.maven.plugin.DefaultBuildPluginManager.executeMojo(DefaultBuildPluginManager.java:137)<br />
#x9;at org.apache.maven.lifecycle.internal.MojoExecutor.execute(MojoExecutor.java:210)<br />
#x9;at org.apache.maven.lifecycle.internal.MojoExecutor.execute(MojoExecutor.java:156)<br />
#x9;at org.apache.maven.lifecycle.internal.MojoExecutor.execute(MojoExecutor.java:148)<br />
#x9;at org.apache.maven.lifecycle.internal.LifecycleModuleBuilder.buildProject(LifecycleModuleBuilder.java:117)<br />
#x9;at org.apache.maven.lifecycle.internal.LifecycleModuleBuilder.buildProject(LifecycleModuleBuilder.java:81)<br />
#x9;at org.apache.maven.lifecycle.internal.builder.singlethreaded.SingleThreadedBuilder.build(SingleThreadedBuilder.java:56)<br />
#x9;at org.apache.maven.lifecycle.internal.LifecycleStarter.execute(LifecycleStarter.java:128)<br />
#x9;at org.apache.maven.DefaultMaven.doExecute(DefaultMaven.java:305)<br />
#x9;at org.apache.maven.DefaultMaven.doExecute(DefaultMaven.java:192)<br />
#x9;at org.apache.maven.DefaultMaven.execute(DefaultMaven.java:105)<br />
#x9;at org.apache.maven.cli.MavenCli.execute(MavenCli.java:957)<br />
#x9;at org.apache.maven.cli.MavenCli.doMain(MavenCli.java:289)<br />
#x9;at org.apache.maven.cli.MavenCli.main(MavenCli.java:193)<br />
#x9;at sun.reflect.NativeMethodAccessorImpl.invoke0(Native Method)<br />
#x9;at sun.reflect.NativeMethodAccessorImpl.invoke(NativeMethodAccessorImpl.java:62)<br />
#x9;at sun.reflect.DelegatingMethodAccessorImpl.invoke(DelegatingMethodAccessorImpl.java:43)<br />
#x9;at java.lang.reflect.Method.invoke(Method.java:498)<br />
#x9;at org.codehaus.plexus.classworlds.launcher.Launcher.launchEnhanced(Launcher.java:282)<br />
#x9;at org.codehaus.plexus.classworlds.launcher.Launcher.launch(Launcher.java:225)<br />
#x9;at org.codehaus.plexus.classworlds.launcher.Launcher.mainWithExitCode(Launcher.java:406)<br />
#x9;at org.codehaus.plexus.classworlds.launcher.Launcher.main(Launcher.java:347)<br />
Caused by: java.lang.IllegalStateException: /Users/erik/Code/checkstyle/contribution/checkstyle-tester/repositories/hibernate-orm-with-excludes/documentation/src/main/docbook/devguide/en-US/chapters/events/extras/JpaCallbacksExample.java:22:81: expecting RPAREN, found &#39;;&#39;<br />
#x9;at com.puppycrawl.tools.checkstyle.JavaParser$1.reportError(JavaParser.java:93)<br />
#x9;at com.puppycrawl.tools.checkstyle.grammar.GeneratedJavaRecognizer.typeDefinition(GeneratedJavaRecognizer.java:411)<br />
#x9;at com.puppycrawl.tools.checkstyle.grammar.GeneratedJavaRecognizer.compilationUnit(GeneratedJavaRecognizer.java:202)<br />
#x9;at com.puppycrawl.tools.checkstyle.JavaParser.parse(JavaParser.java:99)<br />
#x9;... 36 more<br />
Caused by: /Users/erik/Code/checkstyle/contribution/checkstyle-tester/repositories/hibernate-orm-with-excludes/documentation/src/main/docbook/devguide/en-US/chapters/events/extras/JpaCallbacksExample.java:22:81: expecting RPAREN, found &#39;;&#39;<br />
#x9;at antlr.Parser.match(Parser.java:211)<br />
#x9;at com.puppycrawl.tools.checkstyle.grammar.GeneratedJavaRecognizer.traditionalStatement(GeneratedJavaRecognizer.java:5113)<br />
#x9;at com.puppycrawl.tools.checkstyle.grammar.GeneratedJavaRecognizer.statement(GeneratedJavaRecognizer.java:4276)<br />
#x9;at com.puppycrawl.tools.checkstyle.grammar.GeneratedJavaRecognizer.compoundStatement(GeneratedJavaRecognizer.java:3942)<br />
#x9;at com.puppycrawl.tools.checkstyle.grammar.GeneratedJavaRecognizer.field(GeneratedJavaRecognizer.java:3332)<br />
#x9;at com.puppycrawl.tools.checkstyle.grammar.GeneratedJavaRecognizer.classBlock(GeneratedJavaRecognizer.java:2542)<br />
#x9;at com.puppycrawl.tools.checkstyle.grammar.GeneratedJavaRecognizer.classDefinition(GeneratedJavaRecognizer.java:634)<br />
#x9;at com.puppycrawl.tools.checkstyle.grammar.GeneratedJavaRecognizer.typeDefinitionInternal(GeneratedJavaRecognizer.java:556)<br />
#x9;at com.puppycrawl.tools.checkstyle.grammar.GeneratedJavaRecognizer.typeDefinition(GeneratedJavaRecognizer.java:389)<br />
#x9;... 38 more<br />
</td>
								
									
									<td class="keepWidth"><a href = "xref/Users/erik/Code/checkstyle/contribution/checkstyle-tester/repositories/hibernate-orm-with-excludes/documentation/src/main/docbook/devguide/en-US/chapters/events/extras/JpaCallbacksExample.java.html#L1">1</a></td>
								
								
									<td class="keepWidth"> </td>
									
								
							</tr>
						
							
								<tr class="a">
							
								<td class="keepWidth"><a name="A2" href = "#A2">#A2</a></td>
								<td>error</td>
								<td>Checker</td>
								<td>Got an exception - com.puppycrawl.tools.checkstyle.api.CheckstyleException: IllegalStateException occurred while parsing file /Users/erik/Code/checkstyle/contribution/checkstyle-tester/repositories/hibernate-orm-with-excludes/documentation/src/main/docbook/devguide/en-US/chapters/events/extras/JpaCallbacksExample.java.<br />
#x9;at com.puppycrawl.tools.checkstyle.JavaParser.parse(JavaParser.java:105)<br />
#x9;at com.puppycrawl.tools.checkstyle.TreeWalker.processFiltered(TreeWalker.java:159)<br />
#x9;at com.puppycrawl.tools.checkstyle.api.AbstractFileSetCheck.process(AbstractFileSetCheck.java:85)<br />
#x9;at com.puppycrawl.tools.checkstyle.Checker.processFile(Checker.java:329)<br />
#x9;at com.puppycrawl.tools.checkstyle.Checker.processFiles(Checker.java:291)<br />
#x9;at com.puppycrawl.tools.checkstyle.Checker.process(Checker.java:216)<br />
#x9;at org.apache.maven.plugins.checkstyle.exec.DefaultCheckstyleExecutor.executeCheckstyle(DefaultCheckstyleExecutor.java:247)<br />
#x9;at org.apache.maven.plugins.checkstyle.AbstractCheckstyleReport.executeReport(AbstractCheckstyleReport.java:533)<br />
#x9;at org.apache.maven.plugins.checkstyle.CheckstyleReport.executeReport(CheckstyleReport.java:57)<br />
#x9;at org.apache.maven.reporting.AbstractMavenReport.generate(AbstractMavenReport.java:255)<br />
#x9;at org.apache.maven.plugins.site.ReportDocumentRenderer.renderDocument(ReportDocumentRenderer.java:219)<br />
#x9;at org.apache.maven.doxia.siterenderer.DefaultSiteRenderer.renderModule(DefaultSiteRenderer.java:319)<br />
#x9;at org.apache.maven.doxia.siterenderer.DefaultSiteRenderer.render(DefaultSiteRenderer.java:135)<br />
#x9;at org.apache.maven.plugins.site.SiteMojo.renderLocale(SiteMojo.java:175)<br />
#x9;at org.apache.maven.plugins.site.SiteMojo.execute(SiteMojo.java:138)<br />
#x9;at org.apache.maven.plugin.DefaultBuildPluginManager.executeMojo(DefaultBuildPluginManager.java:137)<br />
#x9;at org.apache.maven.lifecycle.internal.MojoExecutor.execute(MojoExecutor.java:210)<br />
#x9;at org.apache.maven.lifecycle.internal.MojoExecutor.execute(MojoExecutor.java:156)<br />
#x9;at org.apache.maven.lifecycle.internal.MojoExecutor.execute(MojoExecutor.java:148)<br />
#x9;at org.apache.maven.lifecycle.internal.LifecycleModuleBuilder.buildProject(LifecycleModuleBuilder.java:117)<br />
#x9;at org.apache.maven.lifecycle.internal.LifecycleModuleBuilder.buildProject(LifecycleModuleBuilder.java:81)<br />
#x9;at org.apache.maven.lifecycle.internal.builder.singlethreaded.SingleThreadedBuilder.build(SingleThreadedBuilder.java:56)<br />
#x9;at org.apache.maven.lifecycle.internal.LifecycleStarter.execute(LifecycleStarter.java:128)<br />
#x9;at org.apache.maven.DefaultMaven.doExecute(DefaultMaven.java:305)<br />
#x9;at org.apache.maven.DefaultMaven.doExecute(DefaultMaven.java:192)<br />
#x9;at org.apache.maven.DefaultMaven.execute(DefaultMaven.java:105)<br />
#x9;at org.apache.maven.cli.MavenCli.execute(MavenCli.java:957)<br />
#x9;at org.apache.maven.cli.MavenCli.doMain(MavenCli.java:289)<br />
#x9;at org.apache.maven.cli.MavenCli.main(MavenCli.java:193)<br />
#x9;at sun.reflect.NativeMethodAccessorImpl.invoke0(Native Method)<br />
#x9;at sun.reflect.NativeMethodAccessorImpl.invoke(NativeMethodAccessorImpl.java:62)<br />
#x9;at sun.reflect.DelegatingMethodAccessorImpl.invoke(DelegatingMethodAccessorImpl.java:43)<br />
#x9;at java.lang.reflect.Method.invoke(Method.java:498)<br />
#x9;at org.codehaus.plexus.classworlds.launcher.Launcher.launchEnhanced(Launcher.java:282)<br />
#x9;at org.codehaus.plexus.classworlds.launcher.Launcher.launch(Launcher.java:225)<br />
#x9;at org.codehaus.plexus.classworlds.launcher.Launcher.mainWithExitCode(Launcher.java:406)<br />
#x9;at org.codehaus.plexus.classworlds.launcher.Launcher.main(Launcher.java:347)<br />
Caused by: java.lang.IllegalStateException: /Users/erik/Code/checkstyle/contribution/checkstyle-tester/repositories/hibernate-orm-with-excludes/documentation/src/main/docbook/devguide/en-US/chapters/events/extras/JpaCallbacksExample.java:22:81: expecting RPAREN, found &#39;;&#39;<br />
#x9;at com.puppycrawl.tools.checkstyle.JavaParser$1.reportError(JavaParser.java:93)<br />
#x9;at com.puppycrawl.tools.checkstyle.grammar.GeneratedJavaRecognizer.typeDefinition(GeneratedJavaRecognizer.java:411)<br />
#x9;at com.puppycrawl.tools.checkstyle.grammar.GeneratedJavaRecognizer.compilationUnit(GeneratedJavaRecognizer.java:202)<br />
#x9;at com.puppycrawl.tools.checkstyle.JavaParser.parse(JavaParser.java:99)<br />
#x9;... 36 more<br />
Caused by: /Users/erik/Code/checkstyle/contribution/checkstyle-tester/repositories/hibernate-orm-with-excludes/documentation/src/main/docbook/devguide/en-US/chapters/events/extras/JpaCallbacksExample.java:22:81: expecting RPAREN, found &#39;;&#39;<br />
#x9;at antlr.Parser.match(Parser.java:211)<br />
#x9;at com.puppycrawl.tools.checkstyle.grammar.GeneratedJavaRecognizer.traditionalStatement(GeneratedJavaRecognizer.java:5235)<br />
#x9;at com.puppycrawl.tools.checkstyle.grammar.GeneratedJavaRecognizer.statement(GeneratedJavaRecognizer.java:4397)<br />
#x9;at com.puppycrawl.tools.checkstyle.grammar.GeneratedJavaRecognizer.compoundStatement(GeneratedJavaRecognizer.java:4063)<br />
#x9;at com.puppycrawl.tools.checkstyle.grammar.GeneratedJavaRecognizer.field(GeneratedJavaRecognizer.java:3453)<br />
#x9;at com.puppycrawl.tools.checkstyle.grammar.GeneratedJavaRecognizer.classBlock(GeneratedJavaRecognizer.java:2643)<br />
#x9;at com.puppycrawl.tools.checkstyle.grammar.GeneratedJavaRecognizer.classDefinition(GeneratedJavaRecognizer.java:634)<br />
#x9;at com.puppycrawl.tools.checkstyle.grammar.GeneratedJavaRecognizer.typeDefinitionInternal(GeneratedJavaRecognizer.java:556)<br />
#x9;at com.puppycrawl.tools.checkstyle.grammar.GeneratedJavaRecognizer.typeDefinition(GeneratedJavaRecognizer.java:389)<br />
#x9;... 38 more<br />
</td>
								
									
									<td class="keepWidth"><a href = "xref/Users/erik/Code/checkstyle/contribution/checkstyle-tester/repositories/hibernate-orm-with-excludes/documentation/src/main/docbook/devguide/en-US/chapters/events/extras/JpaCallbacksExample.java.html#L1">1</a></td>
								
								
									<td class="keepWidth"> </td>
									
								
							</tr>
						
					</table>
				</div>
				<div class="section">
					<h3>/Users/erik/Code/checkstyle/contribution/checkstyle-tester/repositories/hibernate-orm-with-excludes/documentation/src/main/docbook/devguide/en-US/chapters/multitenancy/extras/MultiTenantConnectionProviderImpl-single-cp.java</h3>
					<tr class="b">
					<table border="0" class="bodyTable">
					        <th></th>
							<th>Severity</th>
							<th>Rule</th>
							<th>Message</th>
							<th>Line</th>
							<th>Col</th>
						</tr>
						
							
								<tr class="b">
								
								<td class="keepWidth"><a name="A3" href = "#A3">#A3</a></td>
								<td>error</td>
								<td>Checker</td>
								<td>Got an exception - com.puppycrawl.tools.checkstyle.api.CheckstyleException: IllegalStateException occurred while parsing file /Users/erik/Code/checkstyle/contribution/checkstyle-tester/repositories/hibernate-orm-with-excludes/documentation/src/main/docbook/devguide/en-US/chapters/multitenancy/extras/MultiTenantConnectionProviderImpl-single-cp.java.<br />
#x9;at com.puppycrawl.tools.checkstyle.JavaParser.parse(JavaParser.java:105)<br />
#x9;at com.puppycrawl.tools.checkstyle.TreeWalker.processFiltered(TreeWalker.java:159)<br />
#x9;at com.puppycrawl.tools.checkstyle.api.AbstractFileSetCheck.process(AbstractFileSetCheck.java:85)<br />
#x9;at com.puppycrawl.tools.checkstyle.Checker.processFile(Checker.java:329)<br />
#x9;at com.puppycrawl.tools.checkstyle.Checker.processFiles(Checker.java:291)<br />
#x9;at com.puppycrawl.tools.checkstyle.Checker.process(Checker.java:216)<br />
#x9;at org.apache.maven.plugins.checkstyle.exec.DefaultCheckstyleExecutor.executeCheckstyle(DefaultCheckstyleExecutor.java:247)<br />
#x9;at org.apache.maven.plugins.checkstyle.AbstractCheckstyleReport.executeReport(AbstractCheckstyleReport.java:533)<br />
#x9;at org.apache.maven.plugins.checkstyle.CheckstyleReport.executeReport(CheckstyleReport.java:57)<br />
#x9;at org.apache.maven.reporting.AbstractMavenReport.generate(AbstractMavenReport.java:255)<br />
#x9;at org.apache.maven.plugins.site.ReportDocumentRenderer.renderDocument(ReportDocumentRenderer.java:219)<br />
#x9;at org.apache.maven.doxia.siterenderer.DefaultSiteRenderer.renderModule(DefaultSiteRenderer.java:319)<br />
#x9;at org.apache.maven.doxia.siterenderer.DefaultSiteRenderer.render(DefaultSiteRenderer.java:135)<br />
#x9;at org.apache.maven.plugins.site.SiteMojo.renderLocale(SiteMojo.java:175)<br />
#x9;at org.apache.maven.plugins.site.SiteMojo.execute(SiteMojo.java:138)<br />
#x9;at org.apache.maven.plugin.DefaultBuildPluginManager.executeMojo(DefaultBuildPluginManager.java:137)<br />
#x9;at org.apache.maven.lifecycle.internal.MojoExecutor.execute(MojoExecutor.java:210)<br />
#x9;at org.apache.maven.lifecycle.internal.MojoExecutor.execute(MojoExecutor.java:156)<br />
#x9;at org.apache.maven.lifecycle.internal.MojoExecutor.execute(MojoExecutor.java:148)<br />
#x9;at org.apache.maven.lifecycle.internal.LifecycleModuleBuilder.buildProject(LifecycleModuleBuilder.java:117)<br />
#x9;at org.apache.maven.lifecycle.internal.LifecycleModuleBuilder.buildProject(LifecycleModuleBuilder.java:81)<br />
#x9;at org.apache.maven.lifecycle.internal.builder.singlethreaded.SingleThreadedBuilder.build(SingleThreadedBuilder.java:56)<br />
#x9;at org.apache.maven.lifecycle.internal.LifecycleStarter.execute(LifecycleStarter.java:128)<br />
#x9;at org.apache.maven.DefaultMaven.doExecute(DefaultMaven.java:305)<br />
#x9;at org.apache.maven.DefaultMaven.doExecute(DefaultMaven.java:192)<br />
#x9;at org.apache.maven.DefaultMaven.execute(DefaultMaven.java:105)<br />
#x9;at org.apache.maven.cli.MavenCli.execute(MavenCli.java:957)<br />
#x9;at org.apache.maven.cli.MavenCli.doMain(MavenCli.java:289)<br />
#x9;at org.apache.maven.cli.MavenCli.main(MavenCli.java:193)<br />
#x9;at sun.reflect.NativeMethodAccessorImpl.invoke0(Native Method)<br />
#x9;at sun.reflect.NativeMethodAccessorImpl.invoke(NativeMethodAccessorImpl.java:62)<br />
#x9;at sun.reflect.DelegatingMethodAccessorImpl.invoke(DelegatingMethodAccessorImpl.java:43)<br />
#x9;at java.lang.reflect.Method.invoke(Method.java:498)<br />
#x9;at org.codehaus.plexus.classworlds.launcher.Launcher.launchEnhanced(Launcher.java:282)<br />
#x9;at org.codehaus.plexus.classworlds.launcher.Launcher.launch(Launcher.java:225)<br />
#x9;at org.codehaus.plexus.classworlds.launcher.Launcher.mainWithExitCode(Launcher.java:406)<br />
#x9;at org.codehaus.plexus.classworlds.launcher.Launcher.main(Launcher.java:347)<br />
Caused by: java.lang.IllegalStateException: /Users/erik/Code/checkstyle/contribution/checkstyle-tester/repositories/hibernate-orm-with-excludes/documentation/src/main/docbook/devguide/en-US/chapters/multitenancy/extras/MultiTenantConnectionProviderImpl-single-cp.java:53:2: expecting RCURLY, found &#39;...&#39;<br />
#x9;at com.puppycrawl.tools.checkstyle.JavaParser$1.reportError(JavaParser.java:93)<br />
#x9;at com.puppycrawl.tools.checkstyle.grammar.GeneratedJavaRecognizer.typeDefinition(GeneratedJavaRecognizer.java:411)<br />
#x9;at com.puppycrawl.tools.checkstyle.grammar.GeneratedJavaRecognizer.compilationUnit(GeneratedJavaRecognizer.java:202)<br />
#x9;at com.puppycrawl.tools.checkstyle.JavaParser.parse(JavaParser.java:99)<br />
#x9;... 36 more<br />
Caused by: /Users/erik/Code/checkstyle/contribution/checkstyle-tester/repositories/hibernate-orm-with-excludes/documentation/src/main/docbook/devguide/en-US/chapters/multitenancy/extras/MultiTenantConnectionProviderImpl-single-cp.java:53:2: expecting RCURLY, found &#39;...&#39;<br />
#x9;at antlr.Parser.match(Parser.java:211)<br />
#x9;at com.puppycrawl.tools.checkstyle.grammar.GeneratedJavaRecognizer.classBlock(GeneratedJavaRecognizer.java:2564)<br />
#x9;at com.puppycrawl.tools.checkstyle.grammar.GeneratedJavaRecognizer.classDefinition(GeneratedJavaRecognizer.java:634)<br />
#x9;at com.puppycrawl.tools.checkstyle.grammar.GeneratedJavaRecognizer.typeDefinitionInternal(GeneratedJavaRecognizer.java:556)<br />
#x9;at com.puppycrawl.tools.checkstyle.grammar.GeneratedJavaRecognizer.typeDefinition(GeneratedJavaRecognizer.java:389)<br />
#x9;... 38 more<br />
</td>
								
									
									<td class="keepWidth"><a href = "xref/Users/erik/Code/checkstyle/contribution/checkstyle-tester/repositories/hibernate-orm-with-excludes/documentation/src/main/docbook/devguide/en-US/chapters/multitenancy/extras/MultiTenantConnectionProviderImpl-single-cp.java.html#L1">1</a></td>
								
								
									<td class="keepWidth"> </td>
									
								
							</tr>
						
							
								<tr class="a">
							
								<td class="keepWidth"><a name="A4" href = "#A4">#A4</a></td>
								<td>error</td>
								<td>Checker</td>
								<td>Got an exception - com.puppycrawl.tools.checkstyle.api.CheckstyleException: IllegalStateException occurred while parsing file /Users/erik/Code/checkstyle/contribution/checkstyle-tester/repositories/hibernate-orm-with-excludes/documentation/src/main/docbook/devguide/en-US/chapters/multitenancy/extras/MultiTenantConnectionProviderImpl-single-cp.java.<br />
#x9;at com.puppycrawl.tools.checkstyle.JavaParser.parse(JavaParser.java:105)<br />
#x9;at com.puppycrawl.tools.checkstyle.TreeWalker.processFiltered(TreeWalker.java:159)<br />
#x9;at com.puppycrawl.tools.checkstyle.api.AbstractFileSetCheck.process(AbstractFileSetCheck.java:85)<br />
#x9;at com.puppycrawl.tools.checkstyle.Checker.processFile(Checker.java:329)<br />
#x9;at com.puppycrawl.tools.checkstyle.Checker.processFiles(Checker.java:291)<br />
#x9;at com.puppycrawl.tools.checkstyle.Checker.process(Checker.java:216)<br />
#x9;at org.apache.maven.plugins.checkstyle.exec.DefaultCheckstyleExecutor.executeCheckstyle(DefaultCheckstyleExecutor.java:247)<br />
#x9;at org.apache.maven.plugins.checkstyle.AbstractCheckstyleReport.executeReport(AbstractCheckstyleReport.java:533)<br />
#x9;at org.apache.maven.plugins.checkstyle.CheckstyleReport.executeReport(CheckstyleReport.java:57)<br />
#x9;at org.apache.maven.reporting.AbstractMavenReport.generate(AbstractMavenReport.java:255)<br />
#x9;at org.apache.maven.plugins.site.ReportDocumentRenderer.renderDocument(ReportDocumentRenderer.java:219)<br />
#x9;at org.apache.maven.doxia.siterenderer.DefaultSiteRenderer.renderModule(DefaultSiteRenderer.java:319)<br />
#x9;at org.apache.maven.doxia.siterenderer.DefaultSiteRenderer.render(DefaultSiteRenderer.java:135)<br />
#x9;at org.apache.maven.plugins.site.SiteMojo.renderLocale(SiteMojo.java:175)<br />
#x9;at org.apache.maven.plugins.site.SiteMojo.execute(SiteMojo.java:138)<br />
#x9;at org.apache.maven.plugin.DefaultBuildPluginManager.executeMojo(DefaultBuildPluginManager.java:137)<br />
#x9;at org.apache.maven.lifecycle.internal.MojoExecutor.execute(MojoExecutor.java:210)<br />
#x9;at org.apache.maven.lifecycle.internal.MojoExecutor.execute(MojoExecutor.java:156)<br />
#x9;at org.apache.maven.lifecycle.internal.MojoExecutor.execute(MojoExecutor.java:148)<br />
#x9;at org.apache.maven.lifecycle.internal.LifecycleModuleBuilder.buildProject(LifecycleModuleBuilder.java:117)<br />
#x9;at org.apache.maven.lifecycle.internal.LifecycleModuleBuilder.buildProject(LifecycleModuleBuilder.java:81)<br />
#x9;at org.apache.maven.lifecycle.internal.builder.singlethreaded.SingleThreadedBuilder.build(SingleThreadedBuilder.java:56)<br />
#x9;at org.apache.maven.lifecycle.internal.LifecycleStarter.execute(LifecycleStarter.java:128)<br />
#x9;at org.apache.maven.DefaultMaven.doExecute(DefaultMaven.java:305)<br />
#x9;at org.apache.maven.DefaultMaven.doExecute(DefaultMaven.java:192)<br />
#x9;at org.apache.maven.DefaultMaven.execute(DefaultMaven.java:105)<br />
#x9;at org.apache.maven.cli.MavenCli.execute(MavenCli.java:957)<br />
#x9;at org.apache.maven.cli.MavenCli.doMain(MavenCli.java:289)<br />
#x9;at org.apache.maven.cli.MavenCli.main(MavenCli.java:193)<br />
#x9;at sun.reflect.NativeMethodAccessorImpl.invoke0(Native Method)<br />
#x9;at sun.reflect.NativeMethodAccessorImpl.invoke(NativeMethodAccessorImpl.java:62)<br />
#x9;at sun.reflect.DelegatingMethodAccessorImpl.invoke(DelegatingMethodAccessorImpl.java:43)<br />
#x9;at java.lang.reflect.Method.invoke(Method.java:498)<br />
#x9;at org.codehaus.plexus.classworlds.launcher.Launcher.launchEnhanced(Launcher.java:282)<br />
#x9;at org.codehaus.plexus.classworlds.launcher.Launcher.launch(Launcher.java:225)<br />
#x9;at org.codehaus.plexus.classworlds.launcher.Launcher.mainWithExitCode(Launcher.java:406)<br />
#x9;at org.codehaus.plexus.classworlds.launcher.Launcher.main(Launcher.java:347)<br />
Caused by: java.lang.IllegalStateException: /Users/erik/Code/checkstyle/contribution/checkstyle-tester/repositories/hibernate-orm-with-excludes/documentation/src/main/docbook/devguide/en-US/chapters/multitenancy/extras/MultiTenantConnectionProviderImpl-single-cp.java:53:2: expecting RCURLY, found &#39;...&#39;<br />
#x9;at com.puppycrawl.tools.checkstyle.JavaParser$1.reportError(JavaParser.java:93)<br />
#x9;at com.puppycrawl.tools.checkstyle.grammar.GeneratedJavaRecognizer.typeDefinition(GeneratedJavaRecognizer.java:411)<br />
#x9;at com.puppycrawl.tools.checkstyle.grammar.GeneratedJavaRecognizer.compilationUnit(GeneratedJavaRecognizer.java:202)<br />
#x9;at com.puppycrawl.tools.checkstyle.JavaParser.parse(JavaParser.java:99)<br />
#x9;... 36 more<br />
Caused by: /Users/erik/Code/checkstyle/contribution/checkstyle-tester/repositories/hibernate-orm-with-excludes/documentation/src/main/docbook/devguide/en-US/chapters/multitenancy/extras/MultiTenantConnectionProviderImpl-single-cp.java:53:2: expecting RCURLY, found &#39;...&#39;<br />
#x9;at antlr.Parser.match(Parser.java:211)<br />
#x9;at com.puppycrawl.tools.checkstyle.grammar.GeneratedJavaRecognizer.classBlock(GeneratedJavaRecognizer.java:2665)<br />
#x9;at com.puppycrawl.tools.checkstyle.grammar.GeneratedJavaRecognizer.classDefinition(GeneratedJavaRecognizer.java:634)<br />
#x9;at com.puppycrawl.tools.checkstyle.grammar.GeneratedJavaRecognizer.typeDefinitionInternal(GeneratedJavaRecognizer.java:556)<br />
#x9;at com.puppycrawl.tools.checkstyle.grammar.GeneratedJavaRecognizer.typeDefinition(GeneratedJavaRecognizer.java:389)<br />
#x9;... 38 more<br />
</td>
								
									
									<td class="keepWidth"><a href = "xref/Users/erik/Code/checkstyle/contribution/checkstyle-tester/repositories/hibernate-orm-with-excludes/documentation/src/main/docbook/devguide/en-US/chapters/multitenancy/extras/MultiTenantConnectionProviderImpl-single-cp.java.html#L1">1</a></td>
								
								
									<td class="keepWidth"> </td>
									
								
							</tr>
						
					</table>
				</div>
				<div class="section">
					<h3>/Users/erik/Code/checkstyle/contribution/checkstyle-tester/repositories/hibernate-orm-with-excludes/documentation/src/main/docbook/devguide/en-US/chapters/pc/extras/NaturalIdLoading.java</h3>
					<tr class="b">
					<table border="0" class="bodyTable">
					        <th></th>
							<th>Severity</th>
							<th>Rule</th>
							<th>Message</th>
							<th>Line</th>
							<th>Col</th>
						</tr>
						
							
								<tr class="b">
								
								<td class="keepWidth"><a name="A5" href = "#A5">#A5</a></td>
								<td>error</td>
								<td>Checker</td>
								<td>Got an exception - com.puppycrawl.tools.checkstyle.api.CheckstyleException: IllegalStateException occurred while parsing file /Users/erik/Code/checkstyle/contribution/checkstyle-tester/repositories/hibernate-orm-with-excludes/documentation/src/main/docbook/devguide/en-US/chapters/pc/extras/NaturalIdLoading.java.<br />
#x9;at com.puppycrawl.tools.checkstyle.JavaParser.parse(JavaParser.java:105)<br />
#x9;at com.puppycrawl.tools.checkstyle.TreeWalker.processFiltered(TreeWalker.java:159)<br />
#x9;at com.puppycrawl.tools.checkstyle.api.AbstractFileSetCheck.process(AbstractFileSetCheck.java:85)<br />
#x9;at com.puppycrawl.tools.checkstyle.Checker.processFile(Checker.java:329)<br />
#x9;at com.puppycrawl.tools.checkstyle.Checker.processFiles(Checker.java:291)<br />
#x9;at com.puppycrawl.tools.checkstyle.Checker.process(Checker.java:216)<br />
#x9;at org.apache.maven.plugins.checkstyle.exec.DefaultCheckstyleExecutor.executeCheckstyle(DefaultCheckstyleExecutor.java:247)<br />
#x9;at org.apache.maven.plugins.checkstyle.AbstractCheckstyleReport.executeReport(AbstractCheckstyleReport.java:533)<br />
#x9;at org.apache.maven.plugins.checkstyle.CheckstyleReport.executeReport(CheckstyleReport.java:57)<br />
#x9;at org.apache.maven.reporting.AbstractMavenReport.generate(AbstractMavenReport.java:255)<br />
#x9;at org.apache.maven.plugins.site.ReportDocumentRenderer.renderDocument(ReportDocumentRenderer.java:219)<br />
#x9;at org.apache.maven.doxia.siterenderer.DefaultSiteRenderer.renderModule(DefaultSiteRenderer.java:319)<br />
#x9;at org.apache.maven.doxia.siterenderer.DefaultSiteRenderer.render(DefaultSiteRenderer.java:135)<br />
#x9;at org.apache.maven.plugins.site.SiteMojo.renderLocale(SiteMojo.java:175)<br />
#x9;at org.apache.maven.plugins.site.SiteMojo.execute(SiteMojo.java:138)<br />
#x9;at org.apache.maven.plugin.DefaultBuildPluginManager.executeMojo(DefaultBuildPluginManager.java:137)<br />
#x9;at org.apache.maven.lifecycle.internal.MojoExecutor.execute(MojoExecutor.java:210)<br />
#x9;at org.apache.maven.lifecycle.internal.MojoExecutor.execute(MojoExecutor.java:156)<br />
#x9;at org.apache.maven.lifecycle.internal.MojoExecutor.execute(MojoExecutor.java:148)<br />
#x9;at org.apache.maven.lifecycle.internal.LifecycleModuleBuilder.buildProject(LifecycleModuleBuilder.java:117)<br />
#x9;at org.apache.maven.lifecycle.internal.LifecycleModuleBuilder.buildProject(LifecycleModuleBuilder.java:81)<br />
#x9;at org.apache.maven.lifecycle.internal.builder.singlethreaded.SingleThreadedBuilder.build(SingleThreadedBuilder.java:56)<br />
#x9;at org.apache.maven.lifecycle.internal.LifecycleStarter.execute(LifecycleStarter.java:128)<br />
#x9;at org.apache.maven.DefaultMaven.doExecute(DefaultMaven.java:305)<br />
#x9;at org.apache.maven.DefaultMaven.doExecute(DefaultMaven.java:192)<br />
#x9;at org.apache.maven.DefaultMaven.execute(DefaultMaven.java:105)<br />
#x9;at org.apache.maven.cli.MavenCli.execute(MavenCli.java:957)<br />
#x9;at org.apache.maven.cli.MavenCli.doMain(MavenCli.java:289)<br />
#x9;at org.apache.maven.cli.MavenCli.main(MavenCli.java:193)<br />
#x9;at sun.reflect.NativeMethodAccessorImpl.invoke0(Native Method)<br />
#x9;at sun.reflect.NativeMethodAccessorImpl.invoke(NativeMethodAccessorImpl.java:62)<br />
#x9;at sun.reflect.DelegatingMethodAccessorImpl.invoke(DelegatingMethodAccessorImpl.java:43)<br />
#x9;at java.lang.reflect.Method.invoke(Method.java:498)<br />
#x9;at org.codehaus.plexus.classworlds.launcher.Launcher.launchEnhanced(Launcher.java:282)<br />
#x9;at org.codehaus.plexus.classworlds.launcher.Launcher.launch(Launcher.java:225)<br />
#x9;at org.codehaus.plexus.classworlds.launcher.Launcher.mainWithExitCode(Launcher.java:406)<br />
#x9;at org.codehaus.plexus.classworlds.launcher.Launcher.main(Launcher.java:347)<br />
Caused by: java.lang.IllegalStateException: /Users/erik/Code/checkstyle/contribution/checkstyle-tester/repositories/hibernate-orm-with-excludes/documentation/src/main/docbook/devguide/en-US/chapters/pc/extras/NaturalIdLoading.java:13:17: unexpected token: ;<br />
#x9;at com.puppycrawl.tools.checkstyle.JavaParser$1.reportError(JavaParser.java:93)<br />
#x9;at com.puppycrawl.tools.checkstyle.grammar.GeneratedJavaRecognizer.typeDefinition(GeneratedJavaRecognizer.java:411)<br />
#x9;at com.puppycrawl.tools.checkstyle.grammar.GeneratedJavaRecognizer.compilationUnit(GeneratedJavaRecognizer.java:202)<br />
#x9;at com.puppycrawl.tools.checkstyle.JavaParser.parse(JavaParser.java:99)<br />
#x9;... 36 more<br />
Caused by: /Users/erik/Code/checkstyle/contribution/checkstyle-tester/repositories/hibernate-orm-with-excludes/documentation/src/main/docbook/devguide/en-US/chapters/pc/extras/NaturalIdLoading.java:13:17: unexpected token: ;<br />
#x9;at com.puppycrawl.tools.checkstyle.grammar.GeneratedJavaRecognizer.field(GeneratedJavaRecognizer.java:3370)<br />
#x9;at com.puppycrawl.tools.checkstyle.grammar.GeneratedJavaRecognizer.classBlock(GeneratedJavaRecognizer.java:2542)<br />
#x9;at com.puppycrawl.tools.checkstyle.grammar.GeneratedJavaRecognizer.classDefinition(GeneratedJavaRecognizer.java:634)<br />
#x9;at com.puppycrawl.tools.checkstyle.grammar.GeneratedJavaRecognizer.typeDefinitionInternal(GeneratedJavaRecognizer.java:556)<br />
#x9;at com.puppycrawl.tools.checkstyle.grammar.GeneratedJavaRecognizer.typeDefinition(GeneratedJavaRecognizer.java:389)<br />
#x9;... 38 more<br />
</td>
								
									
									<td class="keepWidth"><a href = "xref/Users/erik/Code/checkstyle/contribution/checkstyle-tester/repositories/hibernate-orm-with-excludes/documentation/src/main/docbook/devguide/en-US/chapters/pc/extras/NaturalIdLoading.java.html#L1">1</a></td>
								
								
									<td class="keepWidth"> </td>
									
								
							</tr>
						
							
								<tr class="a">
							
								<td class="keepWidth"><a name="A6" href = "#A6">#A6</a></td>
								<td>error</td>
								<td>Checker</td>
								<td>Got an exception - com.puppycrawl.tools.checkstyle.api.CheckstyleException: IllegalStateException occurred while parsing file /Users/erik/Code/checkstyle/contribution/checkstyle-tester/repositories/hibernate-orm-with-excludes/documentation/src/main/docbook/devguide/en-US/chapters/pc/extras/NaturalIdLoading.java.<br />
#x9;at com.puppycrawl.tools.checkstyle.JavaParser.parse(JavaParser.java:105)<br />
#x9;at com.puppycrawl.tools.checkstyle.TreeWalker.processFiltered(TreeWalker.java:159)<br />
#x9;at com.puppycrawl.tools.checkstyle.api.AbstractFileSetCheck.process(AbstractFileSetCheck.java:85)<br />
#x9;at com.puppycrawl.tools.checkstyle.Checker.processFile(Checker.java:329)<br />
#x9;at com.puppycrawl.tools.checkstyle.Checker.processFiles(Checker.java:291)<br />
#x9;at com.puppycrawl.tools.checkstyle.Checker.process(Checker.java:216)<br />
#x9;at org.apache.maven.plugins.checkstyle.exec.DefaultCheckstyleExecutor.executeCheckstyle(DefaultCheckstyleExecutor.java:247)<br />
#x9;at org.apache.maven.plugins.checkstyle.AbstractCheckstyleReport.executeReport(AbstractCheckstyleReport.java:533)<br />
#x9;at org.apache.maven.plugins.checkstyle.CheckstyleReport.executeReport(CheckstyleReport.java:57)<br />
#x9;at org.apache.maven.reporting.AbstractMavenReport.generate(AbstractMavenReport.java:255)<br />
#x9;at org.apache.maven.plugins.site.ReportDocumentRenderer.renderDocument(ReportDocumentRenderer.java:219)<br />
#x9;at org.apache.maven.doxia.siterenderer.DefaultSiteRenderer.renderModule(DefaultSiteRenderer.java:319)<br />
#x9;at org.apache.maven.doxia.siterenderer.DefaultSiteRenderer.render(DefaultSiteRenderer.java:135)<br />
#x9;at org.apache.maven.plugins.site.SiteMojo.renderLocale(SiteMojo.java:175)<br />
#x9;at org.apache.maven.plugins.site.SiteMojo.execute(SiteMojo.java:138)<br />
#x9;at org.apache.maven.plugin.DefaultBuildPluginManager.executeMojo(DefaultBuildPluginManager.java:137)<br />
#x9;at org.apache.maven.lifecycle.internal.MojoExecutor.execute(MojoExecutor.java:210)<br />
#x9;at org.apache.maven.lifecycle.internal.MojoExecutor.execute(MojoExecutor.java:156)<br />
#x9;at org.apache.maven.lifecycle.internal.MojoExecutor.execute(MojoExecutor.java:148)<br />
#x9;at org.apache.maven.lifecycle.internal.LifecycleModuleBuilder.buildProject(LifecycleModuleBuilder.java:117)<br />
#x9;at org.apache.maven.lifecycle.internal.LifecycleModuleBuilder.buildProject(LifecycleModuleBuilder.java:81)<br />
#x9;at org.apache.maven.lifecycle.internal.builder.singlethreaded.SingleThreadedBuilder.build(SingleThreadedBuilder.java:56)<br />
#x9;at org.apache.maven.lifecycle.internal.LifecycleStarter.execute(LifecycleStarter.java:128)<br />
#x9;at org.apache.maven.DefaultMaven.doExecute(DefaultMaven.java:305)<br />
#x9;at org.apache.maven.DefaultMaven.doExecute(DefaultMaven.java:192)<br />
#x9;at org.apache.maven.DefaultMaven.execute(DefaultMaven.java:105)<br />
#x9;at org.apache.maven.cli.MavenCli.execute(MavenCli.java:957)<br />
#x9;at org.apache.maven.cli.MavenCli.doMain(MavenCli.java:289)<br />
#x9;at org.apache.maven.cli.MavenCli.main(MavenCli.java:193)<br />
#x9;at sun.reflect.NativeMethodAccessorImpl.invoke0(Native Method)<br />
#x9;at sun.reflect.NativeMethodAccessorImpl.invoke(NativeMethodAccessorImpl.java:62)<br />
#x9;at sun.reflect.DelegatingMethodAccessorImpl.invoke(DelegatingMethodAccessorImpl.java:43)<br />
#x9;at java.lang.reflect.Method.invoke(Method.java:498)<br />
#x9;at org.codehaus.plexus.classworlds.launcher.Launcher.launchEnhanced(Launcher.java:282)<br />
#x9;at org.codehaus.plexus.classworlds.launcher.Launcher.launch(Launcher.java:225)<br />
#x9;at org.codehaus.plexus.classworlds.launcher.Launcher.mainWithExitCode(Launcher.java:406)<br />
#x9;at org.codehaus.plexus.classworlds.launcher.Launcher.main(Launcher.java:347)<br />
Caused by: java.lang.IllegalStateException: /Users/erik/Code/checkstyle/contribution/checkstyle-tester/repositories/hibernate-orm-with-excludes/documentation/src/main/docbook/devguide/en-US/chapters/pc/extras/NaturalIdLoading.java:13:17: unexpected token: ;<br />
#x9;at com.puppycrawl.tools.checkstyle.JavaParser$1.reportError(JavaParser.java:93)<br />
#x9;at com.puppycrawl.tools.checkstyle.grammar.GeneratedJavaRecognizer.typeDefinition(GeneratedJavaRecognizer.java:411)<br />
#x9;at com.puppycrawl.tools.checkstyle.grammar.GeneratedJavaRecognizer.compilationUnit(GeneratedJavaRecognizer.java:202)<br />
#x9;at com.puppycrawl.tools.checkstyle.JavaParser.parse(JavaParser.java:99)<br />
#x9;... 36 more<br />
Caused by: /Users/erik/Code/checkstyle/contribution/checkstyle-tester/repositories/hibernate-orm-with-excludes/documentation/src/main/docbook/devguide/en-US/chapters/pc/extras/NaturalIdLoading.java:13:17: unexpected token: ;<br />
#x9;at com.puppycrawl.tools.checkstyle.grammar.GeneratedJavaRecognizer.declaratorBrackets(GeneratedJavaRecognizer.java:3227)<br />
#x9;at com.puppycrawl.tools.checkstyle.grammar.GeneratedJavaRecognizer.variableDeclarator(GeneratedJavaRecognizer.java:4638)<br />
#x9;at com.puppycrawl.tools.checkstyle.grammar.GeneratedJavaRecognizer.variableDefinitions(GeneratedJavaRecognizer.java:1655)<br />
#x9;at com.puppycrawl.tools.checkstyle.grammar.GeneratedJavaRecognizer.field(GeneratedJavaRecognizer.java:3480)<br />
#x9;at com.puppycrawl.tools.checkstyle.grammar.GeneratedJavaRecognizer.classBlock(GeneratedJavaRecognizer.java:2643)<br />
#x9;at com.puppycrawl.tools.checkstyle.grammar.GeneratedJavaRecognizer.classDefinition(GeneratedJavaRecognizer.java:634)<br />
#x9;at com.puppycrawl.tools.checkstyle.grammar.GeneratedJavaRecognizer.typeDefinitionInternal(GeneratedJavaRecognizer.java:556)<br />
#x9;at com.puppycrawl.tools.checkstyle.grammar.GeneratedJavaRecognizer.typeDefinition(GeneratedJavaRecognizer.java:389)<br />
#x9;... 38 more<br />
</td>
								
									
									<td class="keepWidth"><a href = "xref/Users/erik/Code/checkstyle/contribution/checkstyle-tester/repositories/hibernate-orm-with-excludes/documentation/src/main/docbook/devguide/en-US/chapters/pc/extras/NaturalIdLoading.java.html#L1">1</a></td>
								
								
									<td class="keepWidth"> </td>
									
								
							</tr>
						
					</table>
				</div>
				<div class="section">
					<h3>/Users/erik/Code/checkstyle/contribution/checkstyle-tester/repositories/hibernate-orm-with-excludes/documentation/src/main/docbook/devguide/en-US/chapters/pc/extras/SimpleNaturalIdLoading.java</h3>
					<tr class="b">
					<table border="0" class="bodyTable">
					        <th></th>
							<th>Severity</th>
							<th>Rule</th>
							<th>Message</th>
							<th>Line</th>
							<th>Col</th>
						</tr>
						
							
								<tr class="b">
								
								<td class="keepWidth"><a name="A7" href = "#A7">#A7</a></td>
								<td>error</td>
								<td>Checker</td>
								<td>Got an exception - com.puppycrawl.tools.checkstyle.api.CheckstyleException: IllegalStateException occurred while parsing file /Users/erik/Code/checkstyle/contribution/checkstyle-tester/repositories/hibernate-orm-with-excludes/documentation/src/main/docbook/devguide/en-US/chapters/pc/extras/SimpleNaturalIdLoading.java.<br />
#x9;at com.puppycrawl.tools.checkstyle.JavaParser.parse(JavaParser.java:105)<br />
#x9;at com.puppycrawl.tools.checkstyle.TreeWalker.processFiltered(TreeWalker.java:159)<br />
#x9;at com.puppycrawl.tools.checkstyle.api.AbstractFileSetCheck.process(AbstractFileSetCheck.java:85)<br />
#x9;at com.puppycrawl.tools.checkstyle.Checker.processFile(Checker.java:329)<br />
#x9;at com.puppycrawl.tools.checkstyle.Checker.processFiles(Checker.java:291)<br />
#x9;at com.puppycrawl.tools.checkstyle.Checker.process(Checker.java:216)<br />
#x9;at org.apache.maven.plugins.checkstyle.exec.DefaultCheckstyleExecutor.executeCheckstyle(DefaultCheckstyleExecutor.java:247)<br />
#x9;at org.apache.maven.plugins.checkstyle.AbstractCheckstyleReport.executeReport(AbstractCheckstyleReport.java:533)<br />
#x9;at org.apache.maven.plugins.checkstyle.CheckstyleReport.executeReport(CheckstyleReport.java:57)<br />
#x9;at org.apache.maven.reporting.AbstractMavenReport.generate(AbstractMavenReport.java:255)<br />
#x9;at org.apache.maven.plugins.site.ReportDocumentRenderer.renderDocument(ReportDocumentRenderer.java:219)<br />
#x9;at org.apache.maven.doxia.siterenderer.DefaultSiteRenderer.renderModule(DefaultSiteRenderer.java:319)<br />
#x9;at org.apache.maven.doxia.siterenderer.DefaultSiteRenderer.render(DefaultSiteRenderer.java:135)<br />
#x9;at org.apache.maven.plugins.site.SiteMojo.renderLocale(SiteMojo.java:175)<br />
#x9;at org.apache.maven.plugins.site.SiteMojo.execute(SiteMojo.java:138)<br />
#x9;at org.apache.maven.plugin.DefaultBuildPluginManager.executeMojo(DefaultBuildPluginManager.java:137)<br />
#x9;at org.apache.maven.lifecycle.internal.MojoExecutor.execute(MojoExecutor.java:210)<br />
#x9;at org.apache.maven.lifecycle.internal.MojoExecutor.execute(MojoExecutor.java:156)<br />
#x9;at org.apache.maven.lifecycle.internal.MojoExecutor.execute(MojoExecutor.java:148)<br />
#x9;at org.apache.maven.lifecycle.internal.LifecycleModuleBuilder.buildProject(LifecycleModuleBuilder.java:117)<br />
#x9;at org.apache.maven.lifecycle.internal.LifecycleModuleBuilder.buildProject(LifecycleModuleBuilder.java:81)<br />
#x9;at org.apache.maven.lifecycle.internal.builder.singlethreaded.SingleThreadedBuilder.build(SingleThreadedBuilder.java:56)<br />
#x9;at org.apache.maven.lifecycle.internal.LifecycleStarter.execute(LifecycleStarter.java:128)<br />
#x9;at org.apache.maven.DefaultMaven.doExecute(DefaultMaven.java:305)<br />
#x9;at org.apache.maven.DefaultMaven.doExecute(DefaultMaven.java:192)<br />
#x9;at org.apache.maven.DefaultMaven.execute(DefaultMaven.java:105)<br />
#x9;at org.apache.maven.cli.MavenCli.execute(MavenCli.java:957)<br />
#x9;at org.apache.maven.cli.MavenCli.doMain(MavenCli.java:289)<br />
#x9;at org.apache.maven.cli.MavenCli.main(MavenCli.java:193)<br />
#x9;at sun.reflect.NativeMethodAccessorImpl.invoke0(Native Method)<br />
#x9;at sun.reflect.NativeMethodAccessorImpl.invoke(NativeMethodAccessorImpl.java:62)<br />
#x9;at sun.reflect.DelegatingMethodAccessorImpl.invoke(DelegatingMethodAccessorImpl.java:43)<br />
#x9;at java.lang.reflect.Method.invoke(Method.java:498)<br />
#x9;at org.codehaus.plexus.classworlds.launcher.Launcher.launchEnhanced(Launcher.java:282)<br />
#x9;at org.codehaus.plexus.classworlds.launcher.Launcher.launch(Launcher.java:225)<br />
#x9;at org.codehaus.plexus.classworlds.launcher.Launcher.mainWithExitCode(Launcher.java:406)<br />
#x9;at org.codehaus.plexus.classworlds.launcher.Launcher.main(Launcher.java:347)<br />
Caused by: java.lang.IllegalStateException: /Users/erik/Code/checkstyle/contribution/checkstyle-tester/repositories/hibernate-orm-with-excludes/documentation/src/main/docbook/devguide/en-US/chapters/pc/extras/SimpleNaturalIdLoading.java:8:17: unexpected token: ;<br />
#x9;at com.puppycrawl.tools.checkstyle.JavaParser$1.reportError(JavaParser.java:93)<br />
#x9;at com.puppycrawl.tools.checkstyle.grammar.GeneratedJavaRecognizer.typeDefinition(GeneratedJavaRecognizer.java:411)<br />
#x9;at com.puppycrawl.tools.checkstyle.grammar.GeneratedJavaRecognizer.compilationUnit(GeneratedJavaRecognizer.java:202)<br />
#x9;at com.puppycrawl.tools.checkstyle.JavaParser.parse(JavaParser.java:99)<br />
#x9;... 36 more<br />
Caused by: /Users/erik/Code/checkstyle/contribution/checkstyle-tester/repositories/hibernate-orm-with-excludes/documentation/src/main/docbook/devguide/en-US/chapters/pc/extras/SimpleNaturalIdLoading.java:8:17: unexpected token: ;<br />
#x9;at com.puppycrawl.tools.checkstyle.grammar.GeneratedJavaRecognizer.field(GeneratedJavaRecognizer.java:3370)<br />
#x9;at com.puppycrawl.tools.checkstyle.grammar.GeneratedJavaRecognizer.classBlock(GeneratedJavaRecognizer.java:2542)<br />
#x9;at com.puppycrawl.tools.checkstyle.grammar.GeneratedJavaRecognizer.classDefinition(GeneratedJavaRecognizer.java:634)<br />
#x9;at com.puppycrawl.tools.checkstyle.grammar.GeneratedJavaRecognizer.typeDefinitionInternal(GeneratedJavaRecognizer.java:556)<br />
#x9;at com.puppycrawl.tools.checkstyle.grammar.GeneratedJavaRecognizer.typeDefinition(GeneratedJavaRecognizer.java:389)<br />
#x9;... 38 more<br />
</td>
								
									
									<td class="keepWidth"><a href = "xref/Users/erik/Code/checkstyle/contribution/checkstyle-tester/repositories/hibernate-orm-with-excludes/documentation/src/main/docbook/devguide/en-US/chapters/pc/extras/SimpleNaturalIdLoading.java.html#L1">1</a></td>
								
								
									<td class="keepWidth"> </td>
									
								
							</tr>
						
							
								<tr class="a">
							
								<td class="keepWidth"><a name="A8" href = "#A8">#A8</a></td>
								<td>error</td>
								<td>Checker</td>
								<td>Got an exception - com.puppycrawl.tools.checkstyle.api.CheckstyleException: IllegalStateException occurred while parsing file /Users/erik/Code/checkstyle/contribution/checkstyle-tester/repositories/hibernate-orm-with-excludes/documentation/src/main/docbook/devguide/en-US/chapters/pc/extras/SimpleNaturalIdLoading.java.<br />
#x9;at com.puppycrawl.tools.checkstyle.JavaParser.parse(JavaParser.java:105)<br />
#x9;at com.puppycrawl.tools.checkstyle.TreeWalker.processFiltered(TreeWalker.java:159)<br />
#x9;at com.puppycrawl.tools.checkstyle.api.AbstractFileSetCheck.process(AbstractFileSetCheck.java:85)<br />
#x9;at com.puppycrawl.tools.checkstyle.Checker.processFile(Checker.java:329)<br />
#x9;at com.puppycrawl.tools.checkstyle.Checker.processFiles(Checker.java:291)<br />
#x9;at com.puppycrawl.tools.checkstyle.Checker.process(Checker.java:216)<br />
#x9;at org.apache.maven.plugins.checkstyle.exec.DefaultCheckstyleExecutor.executeCheckstyle(DefaultCheckstyleExecutor.java:247)<br />
#x9;at org.apache.maven.plugins.checkstyle.AbstractCheckstyleReport.executeReport(AbstractCheckstyleReport.java:533)<br />
#x9;at org.apache.maven.plugins.checkstyle.CheckstyleReport.executeReport(CheckstyleReport.java:57)<br />
#x9;at org.apache.maven.reporting.AbstractMavenReport.generate(AbstractMavenReport.java:255)<br />
#x9;at org.apache.maven.plugins.site.ReportDocumentRenderer.renderDocument(ReportDocumentRenderer.java:219)<br />
#x9;at org.apache.maven.doxia.siterenderer.DefaultSiteRenderer.renderModule(DefaultSiteRenderer.java:319)<br />
#x9;at org.apache.maven.doxia.siterenderer.DefaultSiteRenderer.render(DefaultSiteRenderer.java:135)<br />
#x9;at org.apache.maven.plugins.site.SiteMojo.renderLocale(SiteMojo.java:175)<br />
#x9;at org.apache.maven.plugins.site.SiteMojo.execute(SiteMojo.java:138)<br />
#x9;at org.apache.maven.plugin.DefaultBuildPluginManager.executeMojo(DefaultBuildPluginManager.java:137)<br />
#x9;at org.apache.maven.lifecycle.internal.MojoExecutor.execute(MojoExecutor.java:210)<br />
#x9;at org.apache.maven.lifecycle.internal.MojoExecutor.execute(MojoExecutor.java:156)<br />
#x9;at org.apache.maven.lifecycle.internal.MojoExecutor.execute(MojoExecutor.java:148)<br />
#x9;at org.apache.maven.lifecycle.internal.LifecycleModuleBuilder.buildProject(LifecycleModuleBuilder.java:117)<br />
#x9;at org.apache.maven.lifecycle.internal.LifecycleModuleBuilder.buildProject(LifecycleModuleBuilder.java:81)<br />
#x9;at org.apache.maven.lifecycle.internal.builder.singlethreaded.SingleThreadedBuilder.build(SingleThreadedBuilder.java:56)<br />
#x9;at org.apache.maven.lifecycle.internal.LifecycleStarter.execute(LifecycleStarter.java:128)<br />
#x9;at org.apache.maven.DefaultMaven.doExecute(DefaultMaven.java:305)<br />
#x9;at org.apache.maven.DefaultMaven.doExecute(DefaultMaven.java:192)<br />
#x9;at org.apache.maven.DefaultMaven.execute(DefaultMaven.java:105)<br />
#x9;at org.apache.maven.cli.MavenCli.execute(MavenCli.java:957)<br />
#x9;at org.apache.maven.cli.MavenCli.doMain(MavenCli.java:289)<br />
#x9;at org.apache.maven.cli.MavenCli.main(MavenCli.java:193)<br />
#x9;at sun.reflect.NativeMethodAccessorImpl.invoke0(Native Method)<br />
#x9;at sun.reflect.NativeMethodAccessorImpl.invoke(NativeMethodAccessorImpl.java:62)<br />
#x9;at sun.reflect.DelegatingMethodAccessorImpl.invoke(DelegatingMethodAccessorImpl.java:43)<br />
#x9;at java.lang.reflect.Method.invoke(Method.java:498)<br />
#x9;at org.codehaus.plexus.classworlds.launcher.Launcher.launchEnhanced(Launcher.java:282)<br />
#x9;at org.codehaus.plexus.classworlds.launcher.Launcher.launch(Launcher.java:225)<br />
#x9;at org.codehaus.plexus.classworlds.launcher.Launcher.mainWithExitCode(Launcher.java:406)<br />
#x9;at org.codehaus.plexus.classworlds.launcher.Launcher.main(Launcher.java:347)<br />
Caused by: java.lang.IllegalStateException: /Users/erik/Code/checkstyle/contribution/checkstyle-tester/repositories/hibernate-orm-with-excludes/documentation/src/main/docbook/devguide/en-US/chapters/pc/extras/SimpleNaturalIdLoading.java:8:17: unexpected token: ;<br />
#x9;at com.puppycrawl.tools.checkstyle.JavaParser$1.reportError(JavaParser.java:93)<br />
#x9;at com.puppycrawl.tools.checkstyle.grammar.GeneratedJavaRecognizer.typeDefinition(GeneratedJavaRecognizer.java:411)<br />
#x9;at com.puppycrawl.tools.checkstyle.grammar.GeneratedJavaRecognizer.compilationUnit(GeneratedJavaRecognizer.java:202)<br />
#x9;at com.puppycrawl.tools.checkstyle.JavaParser.parse(JavaParser.java:99)<br />
#x9;... 36 more<br />
Caused by: /Users/erik/Code/checkstyle/contribution/checkstyle-tester/repositories/hibernate-orm-with-excludes/documentation/src/main/docbook/devguide/en-US/chapters/pc/extras/SimpleNaturalIdLoading.java:8:17: unexpected token: ;<br />
#x9;at com.puppycrawl.tools.checkstyle.grammar.GeneratedJavaRecognizer.declaratorBrackets(GeneratedJavaRecognizer.java:3227)<br />
#x9;at com.puppycrawl.tools.checkstyle.grammar.GeneratedJavaRecognizer.variableDeclarator(GeneratedJavaRecognizer.java:4638)<br />
#x9;at com.puppycrawl.tools.checkstyle.grammar.GeneratedJavaRecognizer.variableDefinitions(GeneratedJavaRecognizer.java:1655)<br />
#x9;at com.puppycrawl.tools.checkstyle.grammar.GeneratedJavaRecognizer.field(GeneratedJavaRecognizer.java:3480)<br />
#x9;at com.puppycrawl.tools.checkstyle.grammar.GeneratedJavaRecognizer.classBlock(GeneratedJavaRecognizer.java:2643)<br />
#x9;at com.puppycrawl.tools.checkstyle.grammar.GeneratedJavaRecognizer.classDefinition(GeneratedJavaRecognizer.java:634)<br />
#x9;at com.puppycrawl.tools.checkstyle.grammar.GeneratedJavaRecognizer.typeDefinitionInternal(GeneratedJavaRecognizer.java:556)<br />
#x9;at com.puppycrawl.tools.checkstyle.grammar.GeneratedJavaRecognizer.typeDefinition(GeneratedJavaRecognizer.java:389)<br />
#x9;... 38 more<br />
</td>
								
									
									<td class="keepWidth"><a href = "xref/Users/erik/Code/checkstyle/contribution/checkstyle-tester/repositories/hibernate-orm-with-excludes/documentation/src/main/docbook/devguide/en-US/chapters/pc/extras/SimpleNaturalIdLoading.java.html#L1">1</a></td>
								
								
									<td class="keepWidth"> </td>
									
								
							</tr>
						
					</table>
				</div>
				<div class="section">
					<h3>/Users/erik/Code/checkstyle/contribution/checkstyle-tester/repositories/hibernate-orm-with-excludes/documentation/src/main/docbook/devguide/en-US/chapters/query_criteria/extras/select_wrapper.java</h3>
					<tr class="b">
					<table border="0" class="bodyTable">
					        <th></th>
							<th>Severity</th>
							<th>Rule</th>
							<th>Message</th>
							<th>Line</th>
							<th>Col</th>
						</tr>
						
							
								<tr class="b">
								
								<td class="keepWidth"><a name="A9" href = "#A9">#A9</a></td>
								<td>error</td>
								<td>Checker</td>
								<td>Got an exception - com.puppycrawl.tools.checkstyle.api.CheckstyleException: IllegalStateException occurred while parsing file /Users/erik/Code/checkstyle/contribution/checkstyle-tester/repositories/hibernate-orm-with-excludes/documentation/src/main/docbook/devguide/en-US/chapters/query_criteria/extras/select_wrapper.java.<br />
#x9;at com.puppycrawl.tools.checkstyle.JavaParser.parse(JavaParser.java:105)<br />
#x9;at com.puppycrawl.tools.checkstyle.TreeWalker.processFiltered(TreeWalker.java:159)<br />
#x9;at com.puppycrawl.tools.checkstyle.api.AbstractFileSetCheck.process(AbstractFileSetCheck.java:85)<br />
#x9;at com.puppycrawl.tools.checkstyle.Checker.processFile(Checker.java:329)<br />
#x9;at com.puppycrawl.tools.checkstyle.Checker.processFiles(Checker.java:291)<br />
#x9;at com.puppycrawl.tools.checkstyle.Checker.process(Checker.java:216)<br />
#x9;at org.apache.maven.plugins.checkstyle.exec.DefaultCheckstyleExecutor.executeCheckstyle(DefaultCheckstyleExecutor.java:247)<br />
#x9;at org.apache.maven.plugins.checkstyle.AbstractCheckstyleReport.executeReport(AbstractCheckstyleReport.java:533)<br />
#x9;at org.apache.maven.plugins.checkstyle.CheckstyleReport.executeReport(CheckstyleReport.java:57)<br />
#x9;at org.apache.maven.reporting.AbstractMavenReport.generate(AbstractMavenReport.java:255)<br />
#x9;at org.apache.maven.plugins.site.ReportDocumentRenderer.renderDocument(ReportDocumentRenderer.java:219)<br />
#x9;at org.apache.maven.doxia.siterenderer.DefaultSiteRenderer.renderModule(DefaultSiteRenderer.java:319)<br />
#x9;at org.apache.maven.doxia.siterenderer.DefaultSiteRenderer.render(DefaultSiteRenderer.java:135)<br />
#x9;at org.apache.maven.plugins.site.SiteMojo.renderLocale(SiteMojo.java:175)<br />
#x9;at org.apache.maven.plugins.site.SiteMojo.execute(SiteMojo.java:138)<br />
#x9;at org.apache.maven.plugin.DefaultBuildPluginManager.executeMojo(DefaultBuildPluginManager.java:137)<br />
#x9;at org.apache.maven.lifecycle.internal.MojoExecutor.execute(MojoExecutor.java:210)<br />
#x9;at org.apache.maven.lifecycle.internal.MojoExecutor.execute(MojoExecutor.java:156)<br />
#x9;at org.apache.maven.lifecycle.internal.MojoExecutor.execute(MojoExecutor.java:148)<br />
#x9;at org.apache.maven.lifecycle.internal.LifecycleModuleBuilder.buildProject(LifecycleModuleBuilder.java:117)<br />
#x9;at org.apache.maven.lifecycle.internal.LifecycleModuleBuilder.buildProject(LifecycleModuleBuilder.java:81)<br />
#x9;at org.apache.maven.lifecycle.internal.builder.singlethreaded.SingleThreadedBuilder.build(SingleThreadedBuilder.java:56)<br />
#x9;at org.apache.maven.lifecycle.internal.LifecycleStarter.execute(LifecycleStarter.java:128)<br />
#x9;at org.apache.maven.DefaultMaven.doExecute(DefaultMaven.java:305)<br />
#x9;at org.apache.maven.DefaultMaven.doExecute(DefaultMaven.java:192)<br />
#x9;at org.apache.maven.DefaultMaven.execute(DefaultMaven.java:105)<br />
#x9;at org.apache.maven.cli.MavenCli.execute(MavenCli.java:957)<br />
#x9;at org.apache.maven.cli.MavenCli.doMain(MavenCli.java:289)<br />
#x9;at org.apache.maven.cli.MavenCli.main(MavenCli.java:193)<br />
#x9;at sun.reflect.NativeMethodAccessorImpl.invoke0(Native Method)<br />
#x9;at sun.reflect.NativeMethodAccessorImpl.invoke(NativeMethodAccessorImpl.java:62)<br />
#x9;at sun.reflect.DelegatingMethodAccessorImpl.invoke(DelegatingMethodAccessorImpl.java:43)<br />
#x9;at java.lang.reflect.Method.invoke(Method.java:498)<br />
#x9;at org.codehaus.plexus.classworlds.launcher.Launcher.launchEnhanced(Launcher.java:282)<br />
#x9;at org.codehaus.plexus.classworlds.launcher.Launcher.launch(Launcher.java:225)<br />
#x9;at org.codehaus.plexus.classworlds.launcher.Launcher.mainWithExitCode(Launcher.java:406)<br />
#x9;at org.codehaus.plexus.classworlds.launcher.Launcher.main(Launcher.java:347)<br />
Caused by: java.lang.IllegalStateException: /Users/erik/Code/checkstyle/contribution/checkstyle-tester/repositories/hibernate-orm-with-excludes/documentation/src/main/docbook/devguide/en-US/chapters/query_criteria/extras/select_wrapper.java:8:2: expecting RCURLY, found &#39;...&#39;<br />
#x9;at com.puppycrawl.tools.checkstyle.JavaParser$1.reportError(JavaParser.java:93)<br />
#x9;at com.puppycrawl.tools.checkstyle.grammar.GeneratedJavaRecognizer.typeDefinition(GeneratedJavaRecognizer.java:411)<br />
#x9;at com.puppycrawl.tools.checkstyle.grammar.GeneratedJavaRecognizer.compilationUnit(GeneratedJavaRecognizer.java:202)<br />
#x9;at com.puppycrawl.tools.checkstyle.JavaParser.parse(JavaParser.java:99)<br />
#x9;... 36 more<br />
Caused by: /Users/erik/Code/checkstyle/contribution/checkstyle-tester/repositories/hibernate-orm-with-excludes/documentation/src/main/docbook/devguide/en-US/chapters/query_criteria/extras/select_wrapper.java:8:2: expecting RCURLY, found &#39;...&#39;<br />
#x9;at antlr.Parser.match(Parser.java:211)<br />
#x9;at com.puppycrawl.tools.checkstyle.grammar.GeneratedJavaRecognizer.classBlock(GeneratedJavaRecognizer.java:2564)<br />
#x9;at com.puppycrawl.tools.checkstyle.grammar.GeneratedJavaRecognizer.classDefinition(GeneratedJavaRecognizer.java:634)<br />
#x9;at com.puppycrawl.tools.checkstyle.grammar.GeneratedJavaRecognizer.typeDefinitionInternal(GeneratedJavaRecognizer.java:556)<br />
#x9;at com.puppycrawl.tools.checkstyle.grammar.GeneratedJavaRecognizer.typeDefinition(GeneratedJavaRecognizer.java:389)<br />
#x9;... 38 more<br />
</td>
								
									
									<td class="keepWidth"><a href = "xref/Users/erik/Code/checkstyle/contribution/checkstyle-tester/repositories/hibernate-orm-with-excludes/documentation/src/main/docbook/devguide/en-US/chapters/query_criteria/extras/select_wrapper.java.html#L1">1</a></td>
								
								
									<td class="keepWidth"> </td>
									
								
							</tr>
						
							
								<tr class="a">
							
								<td class="keepWidth"><a name="A10" href = "#A10">#A10</a></td>
								<td>error</td>
								<td>Checker</td>
								<td>Got an exception - com.puppycrawl.tools.checkstyle.api.CheckstyleException: IllegalStateException occurred while parsing file /Users/erik/Code/checkstyle/contribution/checkstyle-tester/repositories/hibernate-orm-with-excludes/documentation/src/main/docbook/devguide/en-US/chapters/query_criteria/extras/select_wrapper.java.<br />
#x9;at com.puppycrawl.tools.checkstyle.JavaParser.parse(JavaParser.java:105)<br />
#x9;at com.puppycrawl.tools.checkstyle.TreeWalker.processFiltered(TreeWalker.java:159)<br />
#x9;at com.puppycrawl.tools.checkstyle.api.AbstractFileSetCheck.process(AbstractFileSetCheck.java:85)<br />
#x9;at com.puppycrawl.tools.checkstyle.Checker.processFile(Checker.java:329)<br />
#x9;at com.puppycrawl.tools.checkstyle.Checker.processFiles(Checker.java:291)<br />
#x9;at com.puppycrawl.tools.checkstyle.Checker.process(Checker.java:216)<br />
#x9;at org.apache.maven.plugins.checkstyle.exec.DefaultCheckstyleExecutor.executeCheckstyle(DefaultCheckstyleExecutor.java:247)<br />
#x9;at org.apache.maven.plugins.checkstyle.AbstractCheckstyleReport.executeReport(AbstractCheckstyleReport.java:533)<br />
#x9;at org.apache.maven.plugins.checkstyle.CheckstyleReport.executeReport(CheckstyleReport.java:57)<br />
#x9;at org.apache.maven.reporting.AbstractMavenReport.generate(AbstractMavenReport.java:255)<br />
#x9;at org.apache.maven.plugins.site.ReportDocumentRenderer.renderDocument(ReportDocumentRenderer.java:219)<br />
#x9;at org.apache.maven.doxia.siterenderer.DefaultSiteRenderer.renderModule(DefaultSiteRenderer.java:319)<br />
#x9;at org.apache.maven.doxia.siterenderer.DefaultSiteRenderer.render(DefaultSiteRenderer.java:135)<br />
#x9;at org.apache.maven.plugins.site.SiteMojo.renderLocale(SiteMojo.java:175)<br />
#x9;at org.apache.maven.plugins.site.SiteMojo.execute(SiteMojo.java:138)<br />
#x9;at org.apache.maven.plugin.DefaultBuildPluginManager.executeMojo(DefaultBuildPluginManager.java:137)<br />
#x9;at org.apache.maven.lifecycle.internal.MojoExecutor.execute(MojoExecutor.java:210)<br />
#x9;at org.apache.maven.lifecycle.internal.MojoExecutor.execute(MojoExecutor.java:156)<br />
#x9;at org.apache.maven.lifecycle.internal.MojoExecutor.execute(MojoExecutor.java:148)<br />
#x9;at org.apache.maven.lifecycle.internal.LifecycleModuleBuilder.buildProject(LifecycleModuleBuilder.java:117)<br />
#x9;at org.apache.maven.lifecycle.internal.LifecycleModuleBuilder.buildProject(LifecycleModuleBuilder.java:81)<br />
#x9;at org.apache.maven.lifecycle.internal.builder.singlethreaded.SingleThreadedBuilder.build(SingleThreadedBuilder.java:56)<br />
#x9;at org.apache.maven.lifecycle.internal.LifecycleStarter.execute(LifecycleStarter.java:128)<br />
#x9;at org.apache.maven.DefaultMaven.doExecute(DefaultMaven.java:305)<br />
#x9;at org.apache.maven.DefaultMaven.doExecute(DefaultMaven.java:192)<br />
#x9;at org.apache.maven.DefaultMaven.execute(DefaultMaven.java:105)<br />
#x9;at org.apache.maven.cli.MavenCli.execute(MavenCli.java:957)<br />
#x9;at org.apache.maven.cli.MavenCli.doMain(MavenCli.java:289)<br />
#x9;at org.apache.maven.cli.MavenCli.main(MavenCli.java:193)<br />
#x9;at sun.reflect.NativeMethodAccessorImpl.invoke0(Native Method)<br />
#x9;at sun.reflect.NativeMethodAccessorImpl.invoke(NativeMethodAccessorImpl.java:62)<br />
#x9;at sun.reflect.DelegatingMethodAccessorImpl.invoke(DelegatingMethodAccessorImpl.java:43)<br />
#x9;at java.lang.reflect.Method.invoke(Method.java:498)<br />
#x9;at org.codehaus.plexus.classworlds.launcher.Launcher.launchEnhanced(Launcher.java:282)<br />
#x9;at org.codehaus.plexus.classworlds.launcher.Launcher.launch(Launcher.java:225)<br />
#x9;at org.codehaus.plexus.classworlds.launcher.Launcher.mainWithExitCode(Launcher.java:406)<br />
#x9;at org.codehaus.plexus.classworlds.launcher.Launcher.main(Launcher.java:347)<br />
Caused by: java.lang.IllegalStateException: /Users/erik/Code/checkstyle/contribution/checkstyle-tester/repositories/hibernate-orm-with-excludes/documentation/src/main/docbook/devguide/en-US/chapters/query_criteria/extras/select_wrapper.java:8:2: expecting RCURLY, found &#39;...&#39;<br />
#x9;at com.puppycrawl.tools.checkstyle.JavaParser$1.reportError(JavaParser.java:93)<br />
#x9;at com.puppycrawl.tools.checkstyle.grammar.GeneratedJavaRecognizer.typeDefinition(GeneratedJavaRecognizer.java:411)<br />
#x9;at com.puppycrawl.tools.checkstyle.grammar.GeneratedJavaRecognizer.compilationUnit(GeneratedJavaRecognizer.java:202)<br />
#x9;at com.puppycrawl.tools.checkstyle.JavaParser.parse(JavaParser.java:99)<br />
#x9;... 36 more<br />
Caused by: /Users/erik/Code/checkstyle/contribution/checkstyle-tester/repositories/hibernate-orm-with-excludes/documentation/src/main/docbook/devguide/en-US/chapters/query_criteria/extras/select_wrapper.java:8:2: expecting RCURLY, found &#39;...&#39;<br />
#x9;at antlr.Parser.match(Parser.java:211)<br />
#x9;at com.puppycrawl.tools.checkstyle.grammar.GeneratedJavaRecognizer.classBlock(GeneratedJavaRecognizer.java:2665)<br />
#x9;at com.puppycrawl.tools.checkstyle.grammar.GeneratedJavaRecognizer.classDefinition(GeneratedJavaRecognizer.java:634)<br />
#x9;at com.puppycrawl.tools.checkstyle.grammar.GeneratedJavaRecognizer.typeDefinitionInternal(GeneratedJavaRecognizer.java:556)<br />
#x9;at com.puppycrawl.tools.checkstyle.grammar.GeneratedJavaRecognizer.typeDefinition(GeneratedJavaRecognizer.java:389)<br />
#x9;... 38 more<br />
</td>
								
									
									<td class="keepWidth"><a href = "xref/Users/erik/Code/checkstyle/contribution/checkstyle-tester/repositories/hibernate-orm-with-excludes/documentation/src/main/docbook/devguide/en-US/chapters/query_criteria/extras/select_wrapper.java.html#L1">1</a></td>
								
								
									<td class="keepWidth"> </td>
									
								
							</tr>
						
					</table>
				</div>
				<div class="section">
					<h3>/Users/erik/Code/checkstyle/contribution/checkstyle-tester/repositories/hibernate-orm-with-excludes/documentation/src/main/docbook/devguide/en-US/extras/cache_providers_mapping.java</h3>
					<tr class="b">
					<table border="0" class="bodyTable">
					        <th></th>
							<th>Severity</th>
							<th>Rule</th>
							<th>Message</th>
							<th>Line</th>
							<th>Col</th>
						</tr>
						
							
								<tr class="b">
								
								<td class="keepWidth"><a name="A11" href = "#A11">#A11</a></td>
								<td>error</td>
								<td>Checker</td>
								<td>Got an exception - com.puppycrawl.tools.checkstyle.api.CheckstyleException: IllegalStateException occurred while parsing file /Users/erik/Code/checkstyle/contribution/checkstyle-tester/repositories/hibernate-orm-with-excludes/documentation/src/main/docbook/devguide/en-US/extras/cache_providers_mapping.java.<br />
#x9;at com.puppycrawl.tools.checkstyle.JavaParser.parse(JavaParser.java:105)<br />
#x9;at com.puppycrawl.tools.checkstyle.TreeWalker.processFiltered(TreeWalker.java:159)<br />
#x9;at com.puppycrawl.tools.checkstyle.api.AbstractFileSetCheck.process(AbstractFileSetCheck.java:85)<br />
#x9;at com.puppycrawl.tools.checkstyle.Checker.processFile(Checker.java:329)<br />
#x9;at com.puppycrawl.tools.checkstyle.Checker.processFiles(Checker.java:291)<br />
#x9;at com.puppycrawl.tools.checkstyle.Checker.process(Checker.java:216)<br />
#x9;at org.apache.maven.plugins.checkstyle.exec.DefaultCheckstyleExecutor.executeCheckstyle(DefaultCheckstyleExecutor.java:247)<br />
#x9;at org.apache.maven.plugins.checkstyle.AbstractCheckstyleReport.executeReport(AbstractCheckstyleReport.java:533)<br />
#x9;at org.apache.maven.plugins.checkstyle.CheckstyleReport.executeReport(CheckstyleReport.java:57)<br />
#x9;at org.apache.maven.reporting.AbstractMavenReport.generate(AbstractMavenReport.java:255)<br />
#x9;at org.apache.maven.plugins.site.ReportDocumentRenderer.renderDocument(ReportDocumentRenderer.java:219)<br />
#x9;at org.apache.maven.doxia.siterenderer.DefaultSiteRenderer.renderModule(DefaultSiteRenderer.java:319)<br />
#x9;at org.apache.maven.doxia.siterenderer.DefaultSiteRenderer.render(DefaultSiteRenderer.java:135)<br />
#x9;at org.apache.maven.plugins.site.SiteMojo.renderLocale(SiteMojo.java:175)<br />
#x9;at org.apache.maven.plugins.site.SiteMojo.execute(SiteMojo.java:138)<br />
#x9;at org.apache.maven.plugin.DefaultBuildPluginManager.executeMojo(DefaultBuildPluginManager.java:137)<br />
#x9;at org.apache.maven.lifecycle.internal.MojoExecutor.execute(MojoExecutor.java:210)<br />
#x9;at org.apache.maven.lifecycle.internal.MojoExecutor.execute(MojoExecutor.java:156)<br />
#x9;at org.apache.maven.lifecycle.internal.MojoExecutor.execute(MojoExecutor.java:148)<br />
#x9;at org.apache.maven.lifecycle.internal.LifecycleModuleBuilder.buildProject(LifecycleModuleBuilder.java:117)<br />
#x9;at org.apache.maven.lifecycle.internal.LifecycleModuleBuilder.buildProject(LifecycleModuleBuilder.java:81)<br />
#x9;at org.apache.maven.lifecycle.internal.builder.singlethreaded.SingleThreadedBuilder.build(SingleThreadedBuilder.java:56)<br />
#x9;at org.apache.maven.lifecycle.internal.LifecycleStarter.execute(LifecycleStarter.java:128)<br />
#x9;at org.apache.maven.DefaultMaven.doExecute(DefaultMaven.java:305)<br />
#x9;at org.apache.maven.DefaultMaven.doExecute(DefaultMaven.java:192)<br />
#x9;at org.apache.maven.DefaultMaven.execute(DefaultMaven.java:105)<br />
#x9;at org.apache.maven.cli.MavenCli.execute(MavenCli.java:957)<br />
#x9;at org.apache.maven.cli.MavenCli.doMain(MavenCli.java:289)<br />
#x9;at org.apache.maven.cli.MavenCli.main(MavenCli.java:193)<br />
#x9;at sun.reflect.NativeMethodAccessorImpl.invoke0(Native Method)<br />
#x9;at sun.reflect.NativeMethodAccessorImpl.invoke(NativeMethodAccessorImpl.java:62)<br />
#x9;at sun.reflect.DelegatingMethodAccessorImpl.invoke(DelegatingMethodAccessorImpl.java:43)<br />
#x9;at java.lang.reflect.Method.invoke(Method.java:498)<br />
#x9;at org.codehaus.plexus.classworlds.launcher.Launcher.launchEnhanced(Launcher.java:282)<br />
#x9;at org.codehaus.plexus.classworlds.launcher.Launcher.launch(Launcher.java:225)<br />
#x9;at org.codehaus.plexus.classworlds.launcher.Launcher.mainWithExitCode(Launcher.java:406)<br />
#x9;at org.codehaus.plexus.classworlds.launcher.Launcher.main(Launcher.java:347)<br />
Caused by: java.lang.IllegalStateException: /Users/erik/Code/checkstyle/contribution/checkstyle-tester/repositories/hibernate-orm-with-excludes/documentation/src/main/docbook/devguide/en-US/extras/cache_providers_mapping.java:4:23: expecting RCURLY, found &#39;...&#39;<br />
#x9;at com.puppycrawl.tools.checkstyle.JavaParser$1.reportError(JavaParser.java:93)<br />
#x9;at com.puppycrawl.tools.checkstyle.grammar.GeneratedJavaRecognizer.typeDefinition(GeneratedJavaRecognizer.java:411)<br />
#x9;at com.puppycrawl.tools.checkstyle.grammar.GeneratedJavaRecognizer.compilationUnit(GeneratedJavaRecognizer.java:202)<br />
#x9;at com.puppycrawl.tools.checkstyle.JavaParser.parse(JavaParser.java:99)<br />
#x9;... 36 more<br />
Caused by: /Users/erik/Code/checkstyle/contribution/checkstyle-tester/repositories/hibernate-orm-with-excludes/documentation/src/main/docbook/devguide/en-US/extras/cache_providers_mapping.java:4:23: expecting RCURLY, found &#39;...&#39;<br />
#x9;at antlr.Parser.match(Parser.java:211)<br />
#x9;at com.puppycrawl.tools.checkstyle.grammar.GeneratedJavaRecognizer.classBlock(GeneratedJavaRecognizer.java:2564)<br />
#x9;at com.puppycrawl.tools.checkstyle.grammar.GeneratedJavaRecognizer.classDefinition(GeneratedJavaRecognizer.java:634)<br />
#x9;at com.puppycrawl.tools.checkstyle.grammar.GeneratedJavaRecognizer.typeDefinitionInternal(GeneratedJavaRecognizer.java:556)<br />
#x9;at com.puppycrawl.tools.checkstyle.grammar.GeneratedJavaRecognizer.typeDefinition(GeneratedJavaRecognizer.java:389)<br />
#x9;... 38 more<br />
</td>
								
									
									<td class="keepWidth"><a href = "xref/Users/erik/Code/checkstyle/contribution/checkstyle-tester/repositories/hibernate-orm-with-excludes/documentation/src/main/docbook/devguide/en-US/extras/cache_providers_mapping.java.html#L1">1</a></td>
								
								
									<td class="keepWidth"> </td>
									
								
							</tr>
						
							
								<tr class="a">
							
								<td class="keepWidth"><a name="A12" href = "#A12">#A12</a></td>
								<td>error</td>
								<td>Checker</td>
								<td>Got an exception - com.puppycrawl.tools.checkstyle.api.CheckstyleException: IllegalStateException occurred while parsing file /Users/erik/Code/checkstyle/contribution/checkstyle-tester/repositories/hibernate-orm-with-excludes/documentation/src/main/docbook/devguide/en-US/extras/cache_providers_mapping.java.<br />
#x9;at com.puppycrawl.tools.checkstyle.JavaParser.parse(JavaParser.java:105)<br />
#x9;at com.puppycrawl.tools.checkstyle.TreeWalker.processFiltered(TreeWalker.java:159)<br />
#x9;at com.puppycrawl.tools.checkstyle.api.AbstractFileSetCheck.process(AbstractFileSetCheck.java:85)<br />
#x9;at com.puppycrawl.tools.checkstyle.Checker.processFile(Checker.java:329)<br />
#x9;at com.puppycrawl.tools.checkstyle.Checker.processFiles(Checker.java:291)<br />
#x9;at com.puppycrawl.tools.checkstyle.Checker.process(Checker.java:216)<br />
#x9;at org.apache.maven.plugins.checkstyle.exec.DefaultCheckstyleExecutor.executeCheckstyle(DefaultCheckstyleExecutor.java:247)<br />
#x9;at org.apache.maven.plugins.checkstyle.AbstractCheckstyleReport.executeReport(AbstractCheckstyleReport.java:533)<br />
#x9;at org.apache.maven.plugins.checkstyle.CheckstyleReport.executeReport(CheckstyleReport.java:57)<br />
#x9;at org.apache.maven.reporting.AbstractMavenReport.generate(AbstractMavenReport.java:255)<br />
#x9;at org.apache.maven.plugins.site.ReportDocumentRenderer.renderDocument(ReportDocumentRenderer.java:219)<br />
#x9;at org.apache.maven.doxia.siterenderer.DefaultSiteRenderer.renderModule(DefaultSiteRenderer.java:319)<br />
#x9;at org.apache.maven.doxia.siterenderer.DefaultSiteRenderer.render(DefaultSiteRenderer.java:135)<br />
#x9;at org.apache.maven.plugins.site.SiteMojo.renderLocale(SiteMojo.java:175)<br />
#x9;at org.apache.maven.plugins.site.SiteMojo.execute(SiteMojo.java:138)<br />
#x9;at org.apache.maven.plugin.DefaultBuildPluginManager.executeMojo(DefaultBuildPluginManager.java:137)<br />
#x9;at org.apache.maven.lifecycle.internal.MojoExecutor.execute(MojoExecutor.java:210)<br />
#x9;at org.apache.maven.lifecycle.internal.MojoExecutor.execute(MojoExecutor.java:156)<br />
#x9;at org.apache.maven.lifecycle.internal.MojoExecutor.execute(MojoExecutor.java:148)<br />
#x9;at org.apache.maven.lifecycle.internal.LifecycleModuleBuilder.buildProject(LifecycleModuleBuilder.java:117)<br />
#x9;at org.apache.maven.lifecycle.internal.LifecycleModuleBuilder.buildProject(LifecycleModuleBuilder.java:81)<br />
#x9;at org.apache.maven.lifecycle.internal.builder.singlethreaded.SingleThreadedBuilder.build(SingleThreadedBuilder.java:56)<br />
#x9;at org.apache.maven.lifecycle.internal.LifecycleStarter.execute(LifecycleStarter.java:128)<br />
#x9;at org.apache.maven.DefaultMaven.doExecute(DefaultMaven.java:305)<br />
#x9;at org.apache.maven.DefaultMaven.doExecute(DefaultMaven.java:192)<br />
#x9;at org.apache.maven.DefaultMaven.execute(DefaultMaven.java:105)<br />
#x9;at org.apache.maven.cli.MavenCli.execute(MavenCli.java:957)<br />
#x9;at org.apache.maven.cli.MavenCli.doMain(MavenCli.java:289)<br />
#x9;at org.apache.maven.cli.MavenCli.main(MavenCli.java:193)<br />
#x9;at sun.reflect.NativeMethodAccessorImpl.invoke0(Native Method)<br />
#x9;at sun.reflect.NativeMethodAccessorImpl.invoke(NativeMethodAccessorImpl.java:62)<br />
#x9;at sun.reflect.DelegatingMethodAccessorImpl.invoke(DelegatingMethodAccessorImpl.java:43)<br />
#x9;at java.lang.reflect.Method.invoke(Method.java:498)<br />
#x9;at org.codehaus.plexus.classworlds.launcher.Launcher.launchEnhanced(Launcher.java:282)<br />
#x9;at org.codehaus.plexus.classworlds.launcher.Launcher.launch(Launcher.java:225)<br />
#x9;at org.codehaus.plexus.classworlds.launcher.Launcher.mainWithExitCode(Launcher.java:406)<br />
#x9;at org.codehaus.plexus.classworlds.launcher.Launcher.main(Launcher.java:347)<br />
Caused by: java.lang.IllegalStateException: /Users/erik/Code/checkstyle/contribution/checkstyle-tester/repositories/hibernate-orm-with-excludes/documentation/src/main/docbook/devguide/en-US/extras/cache_providers_mapping.java:4:23: expecting RCURLY, found &#39;...&#39;<br />
#x9;at com.puppycrawl.tools.checkstyle.JavaParser$1.reportError(JavaParser.java:93)<br />
#x9;at com.puppycrawl.tools.checkstyle.grammar.GeneratedJavaRecognizer.typeDefinition(GeneratedJavaRecognizer.java:411)<br />
#x9;at com.puppycrawl.tools.checkstyle.grammar.GeneratedJavaRecognizer.compilationUnit(GeneratedJavaRecognizer.java:202)<br />
#x9;at com.puppycrawl.tools.checkstyle.JavaParser.parse(JavaParser.java:99)<br />
#x9;... 36 more<br />
Caused by: /Users/erik/Code/checkstyle/contribution/checkstyle-tester/repositories/hibernate-orm-with-excludes/documentation/src/main/docbook/devguide/en-US/extras/cache_providers_mapping.java:4:23: expecting RCURLY, found &#39;...&#39;<br />
#x9;at antlr.Parser.match(Parser.java:211)<br />
#x9;at com.puppycrawl.tools.checkstyle.grammar.GeneratedJavaRecognizer.classBlock(GeneratedJavaRecognizer.java:2665)<br />
#x9;at com.puppycrawl.tools.checkstyle.grammar.GeneratedJavaRecognizer.classDefinition(GeneratedJavaRecognizer.java:634)<br />
#x9;at com.puppycrawl.tools.checkstyle.grammar.GeneratedJavaRecognizer.typeDefinitionInternal(GeneratedJavaRecognizer.java:556)<br />
#x9;at com.puppycrawl.tools.checkstyle.grammar.GeneratedJavaRecognizer.typeDefinition(GeneratedJavaRecognizer.java:389)<br />
#x9;... 38 more<br />
</td>
								
									
									<td class="keepWidth"><a href = "xref/Users/erik/Code/checkstyle/contribution/checkstyle-tester/repositories/hibernate-orm-with-excludes/documentation/src/main/docbook/devguide/en-US/extras/cache_providers_mapping.java.html#L1">1</a></td>
								
								
									<td class="keepWidth"> </td>
									
								
							</tr>
						
					</table>
				</div>
				<div class="section">
					<h3>/Users/erik/Code/checkstyle/contribution/checkstyle-tester/repositories/hibernate-orm-with-excludes/documentation/src/main/docbook/devguide/en-US/extras/timestamp_version.java</h3>
					<tr class="b">
					<table border="0" class="bodyTable">
					        <th></th>
							<th>Severity</th>
							<th>Rule</th>
							<th>Message</th>
							<th>Line</th>
							<th>Col</th>
						</tr>
						
							
								<tr class="b">
								
								<td class="keepWidth"><a name="A13" href = "#A13">#A13</a></td>
								<td>error</td>
								<td>Checker</td>
								<td>Got an exception - com.puppycrawl.tools.checkstyle.api.CheckstyleException: IllegalStateException occurred while parsing file /Users/erik/Code/checkstyle/contribution/checkstyle-tester/repositories/hibernate-orm-with-excludes/documentation/src/main/docbook/devguide/en-US/extras/timestamp_version.java.<br />
#x9;at com.puppycrawl.tools.checkstyle.JavaParser.parse(JavaParser.java:105)<br />
#x9;at com.puppycrawl.tools.checkstyle.TreeWalker.processFiltered(TreeWalker.java:159)<br />
#x9;at com.puppycrawl.tools.checkstyle.api.AbstractFileSetCheck.process(AbstractFileSetCheck.java:85)<br />
#x9;at com.puppycrawl.tools.checkstyle.Checker.processFile(Checker.java:329)<br />
#x9;at com.puppycrawl.tools.checkstyle.Checker.processFiles(Checker.java:291)<br />
#x9;at com.puppycrawl.tools.checkstyle.Checker.process(Checker.java:216)<br />
#x9;at org.apache.maven.plugins.checkstyle.exec.DefaultCheckstyleExecutor.executeCheckstyle(DefaultCheckstyleExecutor.java:247)<br />
#x9;at org.apache.maven.plugins.checkstyle.AbstractCheckstyleReport.executeReport(AbstractCheckstyleReport.java:533)<br />
#x9;at org.apache.maven.plugins.checkstyle.CheckstyleReport.executeReport(CheckstyleReport.java:57)<br />
#x9;at org.apache.maven.reporting.AbstractMavenReport.generate(AbstractMavenReport.java:255)<br />
#x9;at org.apache.maven.plugins.site.ReportDocumentRenderer.renderDocument(ReportDocumentRenderer.java:219)<br />
#x9;at org.apache.maven.doxia.siterenderer.DefaultSiteRenderer.renderModule(DefaultSiteRenderer.java:319)<br />
#x9;at org.apache.maven.doxia.siterenderer.DefaultSiteRenderer.render(DefaultSiteRenderer.java:135)<br />
#x9;at org.apache.maven.plugins.site.SiteMojo.renderLocale(SiteMojo.java:175)<br />
#x9;at org.apache.maven.plugins.site.SiteMojo.execute(SiteMojo.java:138)<br />
#x9;at org.apache.maven.plugin.DefaultBuildPluginManager.executeMojo(DefaultBuildPluginManager.java:137)<br />
#x9;at org.apache.maven.lifecycle.internal.MojoExecutor.execute(MojoExecutor.java:210)<br />
#x9;at org.apache.maven.lifecycle.internal.MojoExecutor.execute(MojoExecutor.java:156)<br />
#x9;at org.apache.maven.lifecycle.internal.MojoExecutor.execute(MojoExecutor.java:148)<br />
#x9;at org.apache.maven.lifecycle.internal.LifecycleModuleBuilder.buildProject(LifecycleModuleBuilder.java:117)<br />
#x9;at org.apache.maven.lifecycle.internal.LifecycleModuleBuilder.buildProject(LifecycleModuleBuilder.java:81)<br />
#x9;at org.apache.maven.lifecycle.internal.builder.singlethreaded.SingleThreadedBuilder.build(SingleThreadedBuilder.java:56)<br />
#x9;at org.apache.maven.lifecycle.internal.LifecycleStarter.execute(LifecycleStarter.java:128)<br />
#x9;at org.apache.maven.DefaultMaven.doExecute(DefaultMaven.java:305)<br />
#x9;at org.apache.maven.DefaultMaven.doExecute(DefaultMaven.java:192)<br />
#x9;at org.apache.maven.DefaultMaven.execute(DefaultMaven.java:105)<br />
#x9;at org.apache.maven.cli.MavenCli.execute(MavenCli.java:957)<br />
#x9;at org.apache.maven.cli.MavenCli.doMain(MavenCli.java:289)<br />
#x9;at org.apache.maven.cli.MavenCli.main(MavenCli.java:193)<br />
#x9;at sun.reflect.NativeMethodAccessorImpl.invoke0(Native Method)<br />
#x9;at sun.reflect.NativeMethodAccessorImpl.invoke(NativeMethodAccessorImpl.java:62)<br />
#x9;at sun.reflect.DelegatingMethodAccessorImpl.invoke(DelegatingMethodAccessorImpl.java:43)<br />
#x9;at java.lang.reflect.Method.invoke(Method.java:498)<br />
#x9;at org.codehaus.plexus.classworlds.launcher.Launcher.launchEnhanced(Launcher.java:282)<br />
#x9;at org.codehaus.plexus.classworlds.launcher.Launcher.launch(Launcher.java:225)<br />
#x9;at org.codehaus.plexus.classworlds.launcher.Launcher.mainWithExitCode(Launcher.java:406)<br />
#x9;at org.codehaus.plexus.classworlds.launcher.Launcher.main(Launcher.java:347)<br />
Caused by: java.lang.IllegalStateException: /Users/erik/Code/checkstyle/contribution/checkstyle-tester/repositories/hibernate-orm-with-excludes/documentation/src/main/docbook/devguide/en-US/extras/timestamp_version.java:3:1: expecting RCURLY, found &#39;...&#39;<br />
#x9;at com.puppycrawl.tools.checkstyle.JavaParser$1.reportError(JavaParser.java:93)<br />
#x9;at com.puppycrawl.tools.checkstyle.grammar.GeneratedJavaRecognizer.typeDefinition(GeneratedJavaRecognizer.java:411)<br />
#x9;at com.puppycrawl.tools.checkstyle.grammar.GeneratedJavaRecognizer.compilationUnit(GeneratedJavaRecognizer.java:202)<br />
#x9;at com.puppycrawl.tools.checkstyle.JavaParser.parse(JavaParser.java:99)<br />
#x9;... 36 more<br />
Caused by: /Users/erik/Code/checkstyle/contribution/checkstyle-tester/repositories/hibernate-orm-with-excludes/documentation/src/main/docbook/devguide/en-US/extras/timestamp_version.java:3:1: expecting RCURLY, found &#39;...&#39;<br />
#x9;at antlr.Parser.match(Parser.java:211)<br />
#x9;at com.puppycrawl.tools.checkstyle.grammar.GeneratedJavaRecognizer.classBlock(GeneratedJavaRecognizer.java:2564)<br />
#x9;at com.puppycrawl.tools.checkstyle.grammar.GeneratedJavaRecognizer.classDefinition(GeneratedJavaRecognizer.java:634)<br />
#x9;at com.puppycrawl.tools.checkstyle.grammar.GeneratedJavaRecognizer.typeDefinitionInternal(GeneratedJavaRecognizer.java:556)<br />
#x9;at com.puppycrawl.tools.checkstyle.grammar.GeneratedJavaRecognizer.typeDefinition(GeneratedJavaRecognizer.java:389)<br />
#x9;... 38 more<br />
</td>
								
									
									<td class="keepWidth"><a href = "xref/Users/erik/Code/checkstyle/contribution/checkstyle-tester/repositories/hibernate-orm-with-excludes/documentation/src/main/docbook/devguide/en-US/extras/timestamp_version.java.html#L1">1</a></td>
								
								
									<td class="keepWidth"> </td>
									
								
							</tr>
						
							
								<tr class="a">
							
								<td class="keepWidth"><a name="A14" href = "#A14">#A14</a></td>
								<td>error</td>
								<td>Checker</td>
								<td>Got an exception - com.puppycrawl.tools.checkstyle.api.CheckstyleException: IllegalStateException occurred while parsing file /Users/erik/Code/checkstyle/contribution/checkstyle-tester/repositories/hibernate-orm-with-excludes/documentation/src/main/docbook/devguide/en-US/extras/timestamp_version.java.<br />
#x9;at com.puppycrawl.tools.checkstyle.JavaParser.parse(JavaParser.java:105)<br />
#x9;at com.puppycrawl.tools.checkstyle.TreeWalker.processFiltered(TreeWalker.java:159)<br />
#x9;at com.puppycrawl.tools.checkstyle.api.AbstractFileSetCheck.process(AbstractFileSetCheck.java:85)<br />
#x9;at com.puppycrawl.tools.checkstyle.Checker.processFile(Checker.java:329)<br />
#x9;at com.puppycrawl.tools.checkstyle.Checker.processFiles(Checker.java:291)<br />
#x9;at com.puppycrawl.tools.checkstyle.Checker.process(Checker.java:216)<br />
#x9;at org.apache.maven.plugins.checkstyle.exec.DefaultCheckstyleExecutor.executeCheckstyle(DefaultCheckstyleExecutor.java:247)<br />
#x9;at org.apache.maven.plugins.checkstyle.AbstractCheckstyleReport.executeReport(AbstractCheckstyleReport.java:533)<br />
#x9;at org.apache.maven.plugins.checkstyle.CheckstyleReport.executeReport(CheckstyleReport.java:57)<br />
#x9;at org.apache.maven.reporting.AbstractMavenReport.generate(AbstractMavenReport.java:255)<br />
#x9;at org.apache.maven.plugins.site.ReportDocumentRenderer.renderDocument(ReportDocumentRenderer.java:219)<br />
#x9;at org.apache.maven.doxia.siterenderer.DefaultSiteRenderer.renderModule(DefaultSiteRenderer.java:319)<br />
#x9;at org.apache.maven.doxia.siterenderer.DefaultSiteRenderer.render(DefaultSiteRenderer.java:135)<br />
#x9;at org.apache.maven.plugins.site.SiteMojo.renderLocale(SiteMojo.java:175)<br />
#x9;at org.apache.maven.plugins.site.SiteMojo.execute(SiteMojo.java:138)<br />
#x9;at org.apache.maven.plugin.DefaultBuildPluginManager.executeMojo(DefaultBuildPluginManager.java:137)<br />
#x9;at org.apache.maven.lifecycle.internal.MojoExecutor.execute(MojoExecutor.java:210)<br />
#x9;at org.apache.maven.lifecycle.internal.MojoExecutor.execute(MojoExecutor.java:156)<br />
#x9;at org.apache.maven.lifecycle.internal.MojoExecutor.execute(MojoExecutor.java:148)<br />
#x9;at org.apache.maven.lifecycle.internal.LifecycleModuleBuilder.buildProject(LifecycleModuleBuilder.java:117)<br />
#x9;at org.apache.maven.lifecycle.internal.LifecycleModuleBuilder.buildProject(LifecycleModuleBuilder.java:81)<br />
#x9;at org.apache.maven.lifecycle.internal.builder.singlethreaded.SingleThreadedBuilder.build(SingleThreadedBuilder.java:56)<br />
#x9;at org.apache.maven.lifecycle.internal.LifecycleStarter.execute(LifecycleStarter.java:128)<br />
#x9;at org.apache.maven.DefaultMaven.doExecute(DefaultMaven.java:305)<br />
#x9;at org.apache.maven.DefaultMaven.doExecute(DefaultMaven.java:192)<br />
#x9;at org.apache.maven.DefaultMaven.execute(DefaultMaven.java:105)<br />
#x9;at org.apache.maven.cli.MavenCli.execute(MavenCli.java:957)<br />
#x9;at org.apache.maven.cli.MavenCli.doMain(MavenCli.java:289)<br />
#x9;at org.apache.maven.cli.MavenCli.main(MavenCli.java:193)<br />
#x9;at sun.reflect.NativeMethodAccessorImpl.invoke0(Native Method)<br />
#x9;at sun.reflect.NativeMethodAccessorImpl.invoke(NativeMethodAccessorImpl.java:62)<br />
#x9;at sun.reflect.DelegatingMethodAccessorImpl.invoke(DelegatingMethodAccessorImpl.java:43)<br />
#x9;at java.lang.reflect.Method.invoke(Method.java:498)<br />
#x9;at org.codehaus.plexus.classworlds.launcher.Launcher.launchEnhanced(Launcher.java:282)<br />
#x9;at org.codehaus.plexus.classworlds.launcher.Launcher.launch(Launcher.java:225)<br />
#x9;at org.codehaus.plexus.classworlds.launcher.Launcher.mainWithExitCode(Launcher.java:406)<br />
#x9;at org.codehaus.plexus.classworlds.launcher.Launcher.main(Launcher.java:347)<br />
Caused by: java.lang.IllegalStateException: /Users/erik/Code/checkstyle/contribution/checkstyle-tester/repositories/hibernate-orm-with-excludes/documentation/src/main/docbook/devguide/en-US/extras/timestamp_version.java:3:1: expecting RCURLY, found &#39;...&#39;<br />
#x9;at com.puppycrawl.tools.checkstyle.JavaParser$1.reportError(JavaParser.java:93)<br />
#x9;at com.puppycrawl.tools.checkstyle.grammar.GeneratedJavaRecognizer.typeDefinition(GeneratedJavaRecognizer.java:411)<br />
#x9;at com.puppycrawl.tools.checkstyle.grammar.GeneratedJavaRecognizer.compilationUnit(GeneratedJavaRecognizer.java:202)<br />
#x9;at com.puppycrawl.tools.checkstyle.JavaParser.parse(JavaParser.java:99)<br />
#x9;... 36 more<br />
Caused by: /Users/erik/Code/checkstyle/contribution/checkstyle-tester/repositories/hibernate-orm-with-excludes/documentation/src/main/docbook/devguide/en-US/extras/timestamp_version.java:3:1: expecting RCURLY, found &#39;...&#39;<br />
#x9;at antlr.Parser.match(Parser.java:211)<br />
#x9;at com.puppycrawl.tools.checkstyle.grammar.GeneratedJavaRecognizer.classBlock(GeneratedJavaRecognizer.java:2665)<br />
#x9;at com.puppycrawl.tools.checkstyle.grammar.GeneratedJavaRecognizer.classDefinition(GeneratedJavaRecognizer.java:634)<br />
#x9;at com.puppycrawl.tools.checkstyle.grammar.GeneratedJavaRecognizer.typeDefinitionInternal(GeneratedJavaRecognizer.java:556)<br />
#x9;at com.puppycrawl.tools.checkstyle.grammar.GeneratedJavaRecognizer.typeDefinition(GeneratedJavaRecognizer.java:389)<br />
#x9;... 38 more<br />
</td>
								
									
									<td class="keepWidth"><a href = "xref/Users/erik/Code/checkstyle/contribution/checkstyle-tester/repositories/hibernate-orm-with-excludes/documentation/src/main/docbook/devguide/en-US/extras/timestamp_version.java.html#L1">1</a></td>
								
								
									<td class="keepWidth"> </td>
									
								
							</tr>
						
					</table>
				</div>
				<div class="section">
					<h3>/Users/erik/Code/checkstyle/contribution/checkstyle-tester/repositories/hibernate-orm-with-excludes/documentation/src/main/docbook/devguide/en-US/extras/version_annotation.java</h3>
					<tr class="b">
					<table border="0" class="bodyTable">
					        <th></th>
							<th>Severity</th>
							<th>Rule</th>
							<th>Message</th>
							<th>Line</th>
							<th>Col</th>
						</tr>
						
							
								<tr class="b">
								
								<td class="keepWidth"><a name="A15" href = "#A15">#A15</a></td>
								<td>error</td>
								<td>Checker</td>
								<td>Got an exception - com.puppycrawl.tools.checkstyle.api.CheckstyleException: IllegalStateException occurred while parsing file /Users/erik/Code/checkstyle/contribution/checkstyle-tester/repositories/hibernate-orm-with-excludes/documentation/src/main/docbook/devguide/en-US/extras/version_annotation.java.<br />
#x9;at com.puppycrawl.tools.checkstyle.JavaParser.parse(JavaParser.java:105)<br />
#x9;at com.puppycrawl.tools.checkstyle.TreeWalker.processFiltered(TreeWalker.java:159)<br />
#x9;at com.puppycrawl.tools.checkstyle.api.AbstractFileSetCheck.process(AbstractFileSetCheck.java:85)<br />
#x9;at com.puppycrawl.tools.checkstyle.Checker.processFile(Checker.java:329)<br />
#x9;at com.puppycrawl.tools.checkstyle.Checker.processFiles(Checker.java:291)<br />
#x9;at com.puppycrawl.tools.checkstyle.Checker.process(Checker.java:216)<br />
#x9;at org.apache.maven.plugins.checkstyle.exec.DefaultCheckstyleExecutor.executeCheckstyle(DefaultCheckstyleExecutor.java:247)<br />
#x9;at org.apache.maven.plugins.checkstyle.AbstractCheckstyleReport.executeReport(AbstractCheckstyleReport.java:533)<br />
#x9;at org.apache.maven.plugins.checkstyle.CheckstyleReport.executeReport(CheckstyleReport.java:57)<br />
#x9;at org.apache.maven.reporting.AbstractMavenReport.generate(AbstractMavenReport.java:255)<br />
#x9;at org.apache.maven.plugins.site.ReportDocumentRenderer.renderDocument(ReportDocumentRenderer.java:219)<br />
#x9;at org.apache.maven.doxia.siterenderer.DefaultSiteRenderer.renderModule(DefaultSiteRenderer.java:319)<br />
#x9;at org.apache.maven.doxia.siterenderer.DefaultSiteRenderer.render(DefaultSiteRenderer.java:135)<br />
#x9;at org.apache.maven.plugins.site.SiteMojo.renderLocale(SiteMojo.java:175)<br />
#x9;at org.apache.maven.plugins.site.SiteMojo.execute(SiteMojo.java:138)<br />
#x9;at org.apache.maven.plugin.DefaultBuildPluginManager.executeMojo(DefaultBuildPluginManager.java:137)<br />
#x9;at org.apache.maven.lifecycle.internal.MojoExecutor.execute(MojoExecutor.java:210)<br />
#x9;at org.apache.maven.lifecycle.internal.MojoExecutor.execute(MojoExecutor.java:156)<br />
#x9;at org.apache.maven.lifecycle.internal.MojoExecutor.execute(MojoExecutor.java:148)<br />
#x9;at org.apache.maven.lifecycle.internal.LifecycleModuleBuilder.buildProject(LifecycleModuleBuilder.java:117)<br />
#x9;at org.apache.maven.lifecycle.internal.LifecycleModuleBuilder.buildProject(LifecycleModuleBuilder.java:81)<br />
#x9;at org.apache.maven.lifecycle.internal.builder.singlethreaded.SingleThreadedBuilder.build(SingleThreadedBuilder.java:56)<br />
#x9;at org.apache.maven.lifecycle.internal.LifecycleStarter.execute(LifecycleStarter.java:128)<br />
#x9;at org.apache.maven.DefaultMaven.doExecute(DefaultMaven.java:305)<br />
#x9;at org.apache.maven.DefaultMaven.doExecute(DefaultMaven.java:192)<br />
#x9;at org.apache.maven.DefaultMaven.execute(DefaultMaven.java:105)<br />
#x9;at org.apache.maven.cli.MavenCli.execute(MavenCli.java:957)<br />
#x9;at org.apache.maven.cli.MavenCli.doMain(MavenCli.java:289)<br />
#x9;at org.apache.maven.cli.MavenCli.main(MavenCli.java:193)<br />
#x9;at sun.reflect.NativeMethodAccessorImpl.invoke0(Native Method)<br />
#x9;at sun.reflect.NativeMethodAccessorImpl.invoke(NativeMethodAccessorImpl.java:62)<br />
#x9;at sun.reflect.DelegatingMethodAccessorImpl.invoke(DelegatingMethodAccessorImpl.java:43)<br />
#x9;at java.lang.reflect.Method.invoke(Method.java:498)<br />
#x9;at org.codehaus.plexus.classworlds.launcher.Launcher.launchEnhanced(Launcher.java:282)<br />
#x9;at org.codehaus.plexus.classworlds.launcher.Launcher.launch(Launcher.java:225)<br />
#x9;at org.codehaus.plexus.classworlds.launcher.Launcher.mainWithExitCode(Launcher.java:406)<br />
#x9;at org.codehaus.plexus.classworlds.launcher.Launcher.main(Launcher.java:347)<br />
Caused by: java.lang.IllegalStateException: /Users/erik/Code/checkstyle/contribution/checkstyle-tester/repositories/hibernate-orm-with-excludes/documentation/src/main/docbook/devguide/en-US/extras/version_annotation.java:3:1: expecting RCURLY, found &#39;...&#39;<br />
#x9;at com.puppycrawl.tools.checkstyle.JavaParser$1.reportError(JavaParser.java:93)<br />
#x9;at com.puppycrawl.tools.checkstyle.grammar.GeneratedJavaRecognizer.typeDefinition(GeneratedJavaRecognizer.java:411)<br />
#x9;at com.puppycrawl.tools.checkstyle.grammar.GeneratedJavaRecognizer.compilationUnit(GeneratedJavaRecognizer.java:202)<br />
#x9;at com.puppycrawl.tools.checkstyle.JavaParser.parse(JavaParser.java:99)<br />
#x9;... 36 more<br />
Caused by: /Users/erik/Code/checkstyle/contribution/checkstyle-tester/repositories/hibernate-orm-with-excludes/documentation/src/main/docbook/devguide/en-US/extras/version_annotation.java:3:1: expecting RCURLY, found &#39;...&#39;<br />
#x9;at antlr.Parser.match(Parser.java:211)<br />
#x9;at com.puppycrawl.tools.checkstyle.grammar.GeneratedJavaRecognizer.classBlock(GeneratedJavaRecognizer.java:2564)<br />
#x9;at com.puppycrawl.tools.checkstyle.grammar.GeneratedJavaRecognizer.classDefinition(GeneratedJavaRecognizer.java:634)<br />
#x9;at com.puppycrawl.tools.checkstyle.grammar.GeneratedJavaRecognizer.typeDefinitionInternal(GeneratedJavaRecognizer.java:556)<br />
#x9;at com.puppycrawl.tools.checkstyle.grammar.GeneratedJavaRecognizer.typeDefinition(GeneratedJavaRecognizer.java:389)<br />
#x9;... 38 more<br />
</td>
								
									
									<td class="keepWidth"><a href = "xref/Users/erik/Code/checkstyle/contribution/checkstyle-tester/repositories/hibernate-orm-with-excludes/documentation/src/main/docbook/devguide/en-US/extras/version_annotation.java.html#L1">1</a></td>
								
								
									<td class="keepWidth"> </td>
									
								
							</tr>
						
							
								<tr class="a">
							
								<td class="keepWidth"><a name="A16" href = "#A16">#A16</a></td>
								<td>error</td>
								<td>Checker</td>
								<td>Got an exception - com.puppycrawl.tools.checkstyle.api.CheckstyleException: IllegalStateException occurred while parsing file /Users/erik/Code/checkstyle/contribution/checkstyle-tester/repositories/hibernate-orm-with-excludes/documentation/src/main/docbook/devguide/en-US/extras/version_annotation.java.<br />
#x9;at com.puppycrawl.tools.checkstyle.JavaParser.parse(JavaParser.java:105)<br />
#x9;at com.puppycrawl.tools.checkstyle.TreeWalker.processFiltered(TreeWalker.java:159)<br />
#x9;at com.puppycrawl.tools.checkstyle.api.AbstractFileSetCheck.process(AbstractFileSetCheck.java:85)<br />
#x9;at com.puppycrawl.tools.checkstyle.Checker.processFile(Checker.java:329)<br />
#x9;at com.puppycrawl.tools.checkstyle.Checker.processFiles(Checker.java:291)<br />
#x9;at com.puppycrawl.tools.checkstyle.Checker.process(Checker.java:216)<br />
#x9;at org.apache.maven.plugins.checkstyle.exec.DefaultCheckstyleExecutor.executeCheckstyle(DefaultCheckstyleExecutor.java:247)<br />
#x9;at org.apache.maven.plugins.checkstyle.AbstractCheckstyleReport.executeReport(AbstractCheckstyleReport.java:533)<br />
#x9;at org.apache.maven.plugins.checkstyle.CheckstyleReport.executeReport(CheckstyleReport.java:57)<br />
#x9;at org.apache.maven.reporting.AbstractMavenReport.generate(AbstractMavenReport.java:255)<br />
#x9;at org.apache.maven.plugins.site.ReportDocumentRenderer.renderDocument(ReportDocumentRenderer.java:219)<br />
#x9;at org.apache.maven.doxia.siterenderer.DefaultSiteRenderer.renderModule(DefaultSiteRenderer.java:319)<br />
#x9;at org.apache.maven.doxia.siterenderer.DefaultSiteRenderer.render(DefaultSiteRenderer.java:135)<br />
#x9;at org.apache.maven.plugins.site.SiteMojo.renderLocale(SiteMojo.java:175)<br />
#x9;at org.apache.maven.plugins.site.SiteMojo.execute(SiteMojo.java:138)<br />
#x9;at org.apache.maven.plugin.DefaultBuildPluginManager.executeMojo(DefaultBuildPluginManager.java:137)<br />
#x9;at org.apache.maven.lifecycle.internal.MojoExecutor.execute(MojoExecutor.java:210)<br />
#x9;at org.apache.maven.lifecycle.internal.MojoExecutor.execute(MojoExecutor.java:156)<br />
#x9;at org.apache.maven.lifecycle.internal.MojoExecutor.execute(MojoExecutor.java:148)<br />
#x9;at org.apache.maven.lifecycle.internal.LifecycleModuleBuilder.buildProject(LifecycleModuleBuilder.java:117)<br />
#x9;at org.apache.maven.lifecycle.internal.LifecycleModuleBuilder.buildProject(LifecycleModuleBuilder.java:81)<br />
#x9;at org.apache.maven.lifecycle.internal.builder.singlethreaded.SingleThreadedBuilder.build(SingleThreadedBuilder.java:56)<br />
#x9;at org.apache.maven.lifecycle.internal.LifecycleStarter.execute(LifecycleStarter.java:128)<br />
#x9;at org.apache.maven.DefaultMaven.doExecute(DefaultMaven.java:305)<br />
#x9;at org.apache.maven.DefaultMaven.doExecute(DefaultMaven.java:192)<br />
#x9;at org.apache.maven.DefaultMaven.execute(DefaultMaven.java:105)<br />
#x9;at org.apache.maven.cli.MavenCli.execute(MavenCli.java:957)<br />
#x9;at org.apache.maven.cli.MavenCli.doMain(MavenCli.java:289)<br />
#x9;at org.apache.maven.cli.MavenCli.main(MavenCli.java:193)<br />
#x9;at sun.reflect.NativeMethodAccessorImpl.invoke0(Native Method)<br />
#x9;at sun.reflect.NativeMethodAccessorImpl.invoke(NativeMethodAccessorImpl.java:62)<br />
#x9;at sun.reflect.DelegatingMethodAccessorImpl.invoke(DelegatingMethodAccessorImpl.java:43)<br />
#x9;at java.lang.reflect.Method.invoke(Method.java:498)<br />
#x9;at org.codehaus.plexus.classworlds.launcher.Launcher.launchEnhanced(Launcher.java:282)<br />
#x9;at org.codehaus.plexus.classworlds.launcher.Launcher.launch(Launcher.java:225)<br />
#x9;at org.codehaus.plexus.classworlds.launcher.Launcher.mainWithExitCode(Launcher.java:406)<br />
#x9;at org.codehaus.plexus.classworlds.launcher.Launcher.main(Launcher.java:347)<br />
Caused by: java.lang.IllegalStateException: /Users/erik/Code/checkstyle/contribution/checkstyle-tester/repositories/hibernate-orm-with-excludes/documentation/src/main/docbook/devguide/en-US/extras/version_annotation.java:3:1: expecting RCURLY, found &#39;...&#39;<br />
#x9;at com.puppycrawl.tools.checkstyle.JavaParser$1.reportError(JavaParser.java:93)<br />
#x9;at com.puppycrawl.tools.checkstyle.grammar.GeneratedJavaRecognizer.typeDefinition(GeneratedJavaRecognizer.java:411)<br />
#x9;at com.puppycrawl.tools.checkstyle.grammar.GeneratedJavaRecognizer.compilationUnit(GeneratedJavaRecognizer.java:202)<br />
#x9;at com.puppycrawl.tools.checkstyle.JavaParser.parse(JavaParser.java:99)<br />
#x9;... 36 more<br />
Caused by: /Users/erik/Code/checkstyle/contribution/checkstyle-tester/repositories/hibernate-orm-with-excludes/documentation/src/main/docbook/devguide/en-US/extras/version_annotation.java:3:1: expecting RCURLY, found &#39;...&#39;<br />
#x9;at antlr.Parser.match(Parser.java:211)<br />
#x9;at com.puppycrawl.tools.checkstyle.grammar.GeneratedJavaRecognizer.classBlock(GeneratedJavaRecognizer.java:2665)<br />
#x9;at com.puppycrawl.tools.checkstyle.grammar.GeneratedJavaRecognizer.classDefinition(GeneratedJavaRecognizer.java:634)<br />
#x9;at com.puppycrawl.tools.checkstyle.grammar.GeneratedJavaRecognizer.typeDefinitionInternal(GeneratedJavaRecognizer.java:556)<br />
#x9;at com.puppycrawl.tools.checkstyle.grammar.GeneratedJavaRecognizer.typeDefinition(GeneratedJavaRecognizer.java:389)<br />
#x9;... 38 more<br />
</td>
								
									
									<td class="keepWidth"><a href = "xref/Users/erik/Code/checkstyle/contribution/checkstyle-tester/repositories/hibernate-orm-with-excludes/documentation/src/main/docbook/devguide/en-US/extras/version_annotation.java.html#L1">1</a></td>
								
								
									<td class="keepWidth"> </td>
									
								
							</tr>
						
					</table>
				</div>
			</div>
		</div>
	</body>
</html>